{ env: 'dev',
  port: 8080,
  jwt_secret: 'sldgkhoiu58340th0089y',
  database_uri: 'mongodb://user1:mlabkarma321@ds133533.mlab.com:33533/karma',
  logging_level: 'debug',
  authentication_timeout: 36000,
  portal_cache_timeout: 60,
  email: { title: 'Test mail from yoga', to: 'ssjkamil@gmail.com' },
  email_server: { username: 'example@gmail.com', password: 'password' },
  credentials: { username: 'admin', password: 'admin' } }
{ key:
   <Buffer 2d 2d 2d 2d 2d 42 45 47 49 4e 20 52 53 41 20 50 52 49 56 41 54 45 20 4b 45 59 2d 2d 2d 2d 2d 0d 0a 4d 49 49 45 6f 77 49 42 41 41 4b 43 41 51 45 41 78 ... >,
  cert:
   <Buffer 2d 2d 2d 2d 2d 42 45 47 49 4e 20 43 45 52 54 49 46 49 43 41 54 45 2d 2d 2d 2d 2d 0d 0a 4d 49 49 47 52 44 43 43 42 53 79 67 41 77 49 42 41 67 49 51 65 ... > }
[32m[2020-06-09T00:11:27.896] [INFO] default - [39mHTTPS server started on port: 8080 with env: dev
[36m[2020-06-09T00:11:27.899] [DEBUG] default - [39m{
   "env": "dev",
   "port": 8080,
   "jwt_secret": "sldgkhoiu58340th0089y",
   "database_uri": "mongodb://user1:mlabkarma321@ds133533.mlab.com:33533/karma",
   "logging_level": "debug",
   "authentication_timeout": 36000,
   "portal_cache_timeout": 60,
   "email": {
      "title": "Test mail from yoga",
      "to": "ssjkamil@gmail.com"
   },
   "email_server": {
      "username": "example@gmail.com",
      "password": "password"
   },
   "credentials": {
      "username": "admin",
      "password": "admin"
   }
}
(node:1352) DeprecationWarning: collection.ensureIndex is deprecated. Use createIndexes instead.
[32m[2020-06-09T00:11:31.472] [INFO] default - [39mHandling GET /api/portals
[32m[2020-06-09T00:11:31.838] [INFO] default - [39mResponding with HTTP 200
[32m[2020-06-09T00:11:31.871] [INFO] default - [39mResponding with HTTP 200
[32m[2020-06-09T00:11:32.335] [INFO] default - [39mHandling GET /api/portals
[36m[2020-06-09T00:11:32.336] [DEBUG] default - [39mReturning cached portals
[32m[2020-06-09T00:11:32.336] [INFO] default - [39mResponding with HTTP 200
[32m[2020-06-09T00:11:32.345] [INFO] default - [39mResponding with HTTP 200
[32m[2020-06-09T00:11:33.755] [INFO] default - [39mHandling GET /api/portals
[36m[2020-06-09T00:11:33.755] [DEBUG] default - [39mReturning cached portals
[32m[2020-06-09T00:11:33.756] [INFO] default - [39mResponding with HTTP 200
[32m[2020-06-09T00:11:33.796] [INFO] default - [39mResponding with HTTP 200
[32m[2020-06-09T00:11:33.860] [INFO] default - [39mHandling GET /api/portals
[36m[2020-06-09T00:11:33.861] [DEBUG] default - [39mReturning cached portals
[32m[2020-06-09T00:11:33.861] [INFO] default - [39mResponding with HTTP 200
[32m[2020-06-09T00:11:33.870] [INFO] default - [39mResponding with HTTP 200
[32m[2020-06-09T00:23:45.798] [INFO] default - [39mHandling GET /api/portals
[32m[2020-06-09T00:23:46.128] [INFO] default - [39mResponding with HTTP 200
[32m[2020-06-09T00:23:46.172] [INFO] default - [39mResponding with HTTP 200
[32m[2020-06-09T00:23:46.720] [INFO] default - [39mHandling GET /api/portals
[36m[2020-06-09T00:23:46.721] [DEBUG] default - [39mReturning cached portals
[32m[2020-06-09T00:23:46.721] [INFO] default - [39mResponding with HTTP 200
[32m[2020-06-09T00:23:46.744] [INFO] default - [39mResponding with HTTP 200
[32m[2020-06-09T00:23:48.744] [INFO] default - [39mHandling GET /api/portals
[36m[2020-06-09T00:23:48.744] [DEBUG] default - [39mReturning cached portals
[32m[2020-06-09T00:23:48.745] [INFO] default - [39mResponding with HTTP 200
[32m[2020-06-09T00:23:48.759] [INFO] default - [39mResponding with HTTP 200
[32m[2020-06-09T00:23:48.811] [INFO] default - [39mHandling GET /api/portals
[36m[2020-06-09T00:23:48.812] [DEBUG] default - [39mReturning cached portals
[32m[2020-06-09T00:23:48.812] [INFO] default - [39mResponding with HTTP 200
[32m[2020-06-09T00:23:48.826] [INFO] default - [39mResponding with HTTP 200
[32m[2020-06-09T00:54:44.600] [INFO] default - [39mHandling GET /api/portals
[32m[2020-06-09T00:54:44.920] [INFO] default - [39mResponding with HTTP 200
[32m[2020-06-09T00:54:44.936] [INFO] default - [39mResponding with HTTP 200
[32m[2020-06-09T00:54:45.051] [INFO] default - [39mHandling GET /api/portals
[36m[2020-06-09T00:54:45.051] [DEBUG] default - [39mReturning cached portals
[32m[2020-06-09T00:54:45.052] [INFO] default - [39mResponding with HTTP 200
[32m[2020-06-09T00:54:45.066] [INFO] default - [39mResponding with HTTP 200
[32m[2020-06-09T01:11:53.810] [INFO] default - [39mHandling GET /api/portals
[32m[2020-06-09T01:11:54.144] [INFO] default - [39mResponding with HTTP 200
[32m[2020-06-09T01:11:54.173] [INFO] default - [39mResponding with HTTP 200
[32m[2020-06-09T01:11:56.628] [INFO] default - [39mHandling GET /api/portals
[36m[2020-06-09T01:11:56.630] [DEBUG] default - [39mReturning cached portals
[32m[2020-06-09T01:11:56.630] [INFO] default - [39mResponding with HTTP 200
[32m[2020-06-09T01:11:56.646] [INFO] default - [39mResponding with HTTP 200
[32m[2020-06-09T01:11:56.794] [INFO] default - [39mHandling GET /api/portals
[36m[2020-06-09T01:11:56.795] [DEBUG] default - [39mReturning cached portals
[32m[2020-06-09T01:11:56.795] [INFO] default - [39mResponding with HTTP 200
[32m[2020-06-09T01:11:56.813] [INFO] default - [39mResponding with HTTP 200
[32m[2020-06-09T01:22:13.540] [INFO] default - [39mHandling GET /api/portals
[32m[2020-06-09T01:22:13.832] [INFO] default - [39mResponding with HTTP 200
[32m[2020-06-09T01:22:13.853] [INFO] default - [39mResponding with HTTP 200
[32m[2020-06-09T01:22:13.951] [INFO] default - [39mHandling GET /api/portals
[36m[2020-06-09T01:22:13.951] [DEBUG] default - [39mReturning cached portals
[32m[2020-06-09T01:22:13.952] [INFO] default - [39mResponding with HTTP 200
[32m[2020-06-09T01:22:13.980] [INFO] default - [39mResponding with HTTP 200
[32m[2020-06-09T01:53:04.169] [INFO] default - [39mHandling GET /api/portals
[32m[2020-06-09T01:53:04.463] [INFO] default - [39mResponding with HTTP 200
[32m[2020-06-09T01:53:04.479] [INFO] default - [39mResponding with HTTP 200
[32m[2020-06-09T01:53:07.772] [INFO] default - [39mHandling GET /api/portals
[36m[2020-06-09T01:53:07.773] [DEBUG] default - [39mReturning cached portals
[32m[2020-06-09T01:53:07.774] [INFO] default - [39mResponding with HTTP 200
[32m[2020-06-09T01:53:07.801] [INFO] default - [39mResponding with HTTP 200
[32m[2020-06-09T01:53:08.041] [INFO] default - [39mHandling GET /api/portals
[36m[2020-06-09T01:53:08.042] [DEBUG] default - [39mReturning cached portals
[32m[2020-06-09T01:53:08.042] [INFO] default - [39mResponding with HTTP 200
[32m[2020-06-09T01:53:08.067] [INFO] default - [39mResponding with HTTP 200
[32m[2020-06-09T02:07:42.881] [INFO] default - [39mHandling GET /api/portals
[32m[2020-06-09T02:07:43.197] [INFO] default - [39mResponding with HTTP 200
[32m[2020-06-09T02:07:43.212] [INFO] default - [39mResponding with HTTP 200
[32m[2020-06-09T02:07:43.276] [INFO] default - [39mHandling GET /api/portals
[36m[2020-06-09T02:07:43.277] [DEBUG] default - [39mReturning cached portals
[32m[2020-06-09T02:07:43.277] [INFO] default - [39mResponding with HTTP 200
[32m[2020-06-09T02:07:43.291] [INFO] default - [39mResponding with HTTP 200
[32m[2020-06-09T02:20:36.227] [INFO] default - [39mHandling GET /api/portals
[32m[2020-06-09T02:20:36.517] [INFO] default - [39mResponding with HTTP 200
[32m[2020-06-09T02:20:36.534] [INFO] default - [39mResponding with HTTP 200
[32m[2020-06-09T02:20:43.599] [INFO] default - [39mHandling GET /api/portals
[36m[2020-06-09T02:20:43.600] [DEBUG] default - [39mReturning cached portals
[32m[2020-06-09T02:20:43.600] [INFO] default - [39mResponding with HTTP 200
[32m[2020-06-09T02:20:43.657] [INFO] default - [39mResponding with HTTP 200
[32m[2020-06-09T02:47:42.984] [INFO] default - [39mHandling GET /api/portals
[32m[2020-06-09T02:47:43.276] [INFO] default - [39mResponding with HTTP 200
[32m[2020-06-09T02:47:43.290] [INFO] default - [39mResponding with HTTP 200
[32m[2020-06-09T02:47:50.135] [INFO] default - [39mHandling GET /api/portals
[36m[2020-06-09T02:47:50.135] [DEBUG] default - [39mReturning cached portals
[32m[2020-06-09T02:47:50.136] [INFO] default - [39mResponding with HTTP 200
[32m[2020-06-09T02:47:50.149] [INFO] default - [39mResponding with HTTP 200
[32m[2020-06-09T02:47:50.272] [INFO] default - [39mHandling GET /api/portals
[36m[2020-06-09T02:47:50.273] [DEBUG] default - [39mReturning cached portals
[32m[2020-06-09T02:47:50.274] [INFO] default - [39mResponding with HTTP 200
[32m[2020-06-09T02:47:50.321] [INFO] default - [39mResponding with HTTP 200
[32m[2020-06-09T03:15:59.809] [INFO] default - [39mHandling GET /api/portals
[32m[2020-06-09T03:16:00.126] [INFO] default - [39mResponding with HTTP 200
[32m[2020-06-09T03:16:00.155] [INFO] default - [39mResponding with HTTP 200
[32m[2020-06-09T03:18:42.909] [INFO] default - [39mHandling GET /api/portals
[32m[2020-06-09T03:18:43.223] [INFO] default - [39mResponding with HTTP 200
[32m[2020-06-09T03:18:43.246] [INFO] default - [39mResponding with HTTP 200
[32m[2020-06-09T03:18:43.327] [INFO] default - [39mHandling GET /api/portals
[36m[2020-06-09T03:18:43.327] [DEBUG] default - [39mReturning cached portals
[32m[2020-06-09T03:18:43.328] [INFO] default - [39mResponding with HTTP 200
[32m[2020-06-09T03:18:43.354] [INFO] default - [39mResponding with HTTP 200
[32m[2020-06-09T03:18:45.093] [INFO] default - [39mHandling GET /api/portals
[36m[2020-06-09T03:18:45.093] [DEBUG] default - [39mReturning cached portals
[32m[2020-06-09T03:18:45.094] [INFO] default - [39mResponding with HTTP 200
[32m[2020-06-09T03:18:45.128] [INFO] default - [39mResponding with HTTP 200
[32m[2020-06-09T03:18:45.312] [INFO] default - [39mHandling GET /api/portals
[36m[2020-06-09T03:18:45.313] [DEBUG] default - [39mReturning cached portals
[32m[2020-06-09T03:18:45.313] [INFO] default - [39mResponding with HTTP 200
[32m[2020-06-09T03:18:45.324] [INFO] default - [39mResponding with HTTP 200
[32m[2020-06-09T03:29:31.477] [INFO] default - [39mHandling GET /api/portals
[32m[2020-06-09T03:29:31.769] [INFO] default - [39mResponding with HTTP 200
[32m[2020-06-09T03:29:31.786] [INFO] default - [39mResponding with HTTP 200
[32m[2020-06-09T03:55:01.950] [INFO] default - [39mHandling GET /api/portals
[32m[2020-06-09T03:55:02.240] [INFO] default - [39mResponding with HTTP 200
[32m[2020-06-09T03:55:02.254] [INFO] default - [39mResponding with HTTP 200
[32m[2020-06-09T03:55:03.179] [INFO] default - [39mHandling GET /api/portals
[36m[2020-06-09T03:55:03.180] [DEBUG] default - [39mReturning cached portals
[32m[2020-06-09T03:55:03.181] [INFO] default - [39mResponding with HTTP 200
[32m[2020-06-09T03:55:03.208] [INFO] default - [39mResponding with HTTP 200
[32m[2020-06-09T03:55:03.375] [INFO] default - [39mHandling GET /api/portals
[36m[2020-06-09T03:55:03.375] [DEBUG] default - [39mReturning cached portals
[32m[2020-06-09T03:55:03.375] [INFO] default - [39mResponding with HTTP 200
[32m[2020-06-09T03:55:03.408] [INFO] default - [39mResponding with HTTP 200
[32m[2020-06-09T04:04:36.938] [INFO] default - [39mHandling GET /api/portals
[32m[2020-06-09T04:04:37.231] [INFO] default - [39mResponding with HTTP 200
[32m[2020-06-09T04:04:37.246] [INFO] default - [39mResponding with HTTP 200
[32m[2020-06-09T04:37:03.653] [INFO] default - [39mHandling GET /api/portals
[32m[2020-06-09T04:37:03.951] [INFO] default - [39mResponding with HTTP 200
[32m[2020-06-09T04:37:03.971] [INFO] default - [39mResponding with HTTP 200
[32m[2020-06-09T05:54:49.450] [INFO] default - [39mHandling GET /api/portals
[32m[2020-06-09T05:54:49.716] [INFO] default - [39mResponding with HTTP 200
[32m[2020-06-09T05:54:49.742] [INFO] default - [39mResponding with HTTP 200
[32m[2020-06-09T05:55:50.732] [INFO] default - [39mHandling GET /api/portals
[32m[2020-06-09T05:55:50.992] [INFO] default - [39mResponding with HTTP 200
[32m[2020-06-09T05:55:51.005] [INFO] default - [39mResponding with HTTP 200
[32m[2020-06-09T06:12:30.009] [INFO] default - [39mHandling GET /api/portals
[32m[2020-06-09T06:12:30.274] [INFO] default - [39mResponding with HTTP 200
[32m[2020-06-09T06:12:30.303] [INFO] default - [39mResponding with HTTP 200
[32m[2020-06-09T06:52:32.373] [INFO] default - [39mHandling GET /api/portals
[32m[2020-06-09T06:52:32.644] [INFO] default - [39mResponding with HTTP 200
[32m[2020-06-09T06:52:32.658] [INFO] default - [39mResponding with HTTP 200
[32m[2020-06-09T06:52:33.607] [INFO] default - [39mHandling GET /api/portals
[36m[2020-06-09T06:52:33.608] [DEBUG] default - [39mReturning cached portals
[32m[2020-06-09T06:52:33.608] [INFO] default - [39mResponding with HTTP 200
[32m[2020-06-09T06:52:33.637] [INFO] default - [39mResponding with HTTP 200
[32m[2020-06-09T06:52:33.794] [INFO] default - [39mHandling GET /api/portals
[36m[2020-06-09T06:52:33.794] [DEBUG] default - [39mReturning cached portals
[32m[2020-06-09T06:52:33.795] [INFO] default - [39mResponding with HTTP 200
[32m[2020-06-09T06:52:33.840] [INFO] default - [39mResponding with HTTP 200
[32m[2020-06-09T07:58:43.615] [INFO] default - [39mHandling GET /api/portals
[32m[2020-06-09T07:58:43.888] [INFO] default - [39mResponding with HTTP 200
[32m[2020-06-09T07:58:43.902] [INFO] default - [39mResponding with HTTP 200
[32m[2020-06-09T07:58:45.050] [INFO] default - [39mHandling GET /api/portals
[36m[2020-06-09T07:58:45.050] [DEBUG] default - [39mReturning cached portals
[32m[2020-06-09T07:58:45.051] [INFO] default - [39mResponding with HTTP 200
[32m[2020-06-09T07:58:45.066] [INFO] default - [39mResponding with HTTP 200
[32m[2020-06-09T07:58:45.154] [INFO] default - [39mHandling GET /api/portals
[36m[2020-06-09T07:58:45.154] [DEBUG] default - [39mReturning cached portals
[32m[2020-06-09T07:58:45.156] [INFO] default - [39mResponding with HTTP 200
[32m[2020-06-09T07:58:45.210] [INFO] default - [39mResponding with HTTP 200
[32m[2020-06-09T08:18:54.468] [INFO] default - [39mHandling GET /api/portals
[32m[2020-06-09T08:18:54.736] [INFO] default - [39mResponding with HTTP 200
[32m[2020-06-09T08:18:54.763] [INFO] default - [39mResponding with HTTP 200
[32m[2020-06-09T08:18:54.867] [INFO] default - [39mHandling GET /api/portals
[36m[2020-06-09T08:18:54.867] [DEBUG] default - [39mReturning cached portals
[32m[2020-06-09T08:18:54.868] [INFO] default - [39mResponding with HTTP 200
[32m[2020-06-09T08:18:54.884] [INFO] default - [39mResponding with HTTP 200
[32m[2020-06-09T08:20:38.342] [INFO] default - [39mHandling GET /api/portals
[32m[2020-06-09T08:20:38.606] [INFO] default - [39mResponding with HTTP 200
[32m[2020-06-09T08:20:38.635] [INFO] default - [39mResponding with HTTP 200
[32m[2020-06-09T08:20:44.505] [INFO] default - [39mHandling GET /api/portals
[36m[2020-06-09T08:20:44.505] [DEBUG] default - [39mReturning cached portals
[32m[2020-06-09T08:20:44.505] [INFO] default - [39mResponding with HTTP 200
[32m[2020-06-09T08:20:44.539] [INFO] default - [39mResponding with HTTP 200
[32m[2020-06-09T08:20:52.671] [INFO] default - [39mHandling GET /api/portals
[36m[2020-06-09T08:20:52.672] [DEBUG] default - [39mReturning cached portals
[32m[2020-06-09T08:20:52.672] [INFO] default - [39mResponding with HTTP 200
[32m[2020-06-09T08:20:52.686] [INFO] default - [39mResponding with HTTP 200
[32m[2020-06-09T08:20:52.768] [INFO] default - [39mHandling GET /api/portals
[36m[2020-06-09T08:20:52.769] [DEBUG] default - [39mReturning cached portals
[32m[2020-06-09T08:20:52.769] [INFO] default - [39mResponding with HTTP 200
[32m[2020-06-09T08:20:52.790] [INFO] default - [39mResponding with HTTP 200
[32m[2020-06-09T08:21:08.117] [INFO] default - [39mHandling GET /api/portals
[36m[2020-06-09T08:21:08.118] [DEBUG] default - [39mReturning cached portals
[32m[2020-06-09T08:21:08.118] [INFO] default - [39mResponding with HTTP 200
[32m[2020-06-09T08:21:08.132] [INFO] default - [39mResponding with HTTP 200
[32m[2020-06-09T08:21:08.206] [INFO] default - [39mHandling GET /api/portals
[36m[2020-06-09T08:21:08.207] [DEBUG] default - [39mReturning cached portals
[32m[2020-06-09T08:21:08.208] [INFO] default - [39mResponding with HTTP 200
[32m[2020-06-09T08:21:08.229] [INFO] default - [39mResponding with HTTP 200
[32m[2020-06-09T08:21:14.304] [INFO] default - [39mHandling GET /api/portals
[36m[2020-06-09T08:21:14.304] [DEBUG] default - [39mReturning cached portals
[32m[2020-06-09T08:21:14.305] [INFO] default - [39mResponding with HTTP 200
[32m[2020-06-09T08:21:14.319] [INFO] default - [39mResponding with HTTP 200
[32m[2020-06-09T08:22:54.172] [INFO] default - [39mHandling GET /api/portals
[32m[2020-06-09T08:22:54.432] [INFO] default - [39mResponding with HTTP 200
[32m[2020-06-09T08:22:54.474] [INFO] default - [39mResponding with HTTP 200
[32m[2020-06-09T08:39:29.541] [INFO] default - [39mHandling GET /
[32m[2020-06-09T08:39:30.039] [INFO] default - [39mHandling GET /
[32m[2020-06-09T09:24:28.622] [INFO] default - [39mHandling GET /api/portals
[32m[2020-06-09T09:24:28.903] [INFO] default - [39mResponding with HTTP 200
[32m[2020-06-09T09:24:28.928] [INFO] default - [39mResponding with HTTP 200
[32m[2020-06-09T10:01:17.823] [INFO] default - [39mHandling GET /api/portals
[32m[2020-06-09T10:01:18.087] [INFO] default - [39mResponding with HTTP 200
[32m[2020-06-09T10:01:18.101] [INFO] default - [39mResponding with HTTP 200
[32m[2020-06-09T10:43:11.668] [INFO] default - [39mHandling GET /api/portals
[32m[2020-06-09T10:43:11.935] [INFO] default - [39mResponding with HTTP 200
[32m[2020-06-09T10:43:11.950] [INFO] default - [39mResponding with HTTP 200
[32m[2020-06-09T10:47:37.030] [INFO] default - [39mHandling GET /api/portals
[32m[2020-06-09T10:47:37.294] [INFO] default - [39mResponding with HTTP 200
[32m[2020-06-09T10:47:37.308] [INFO] default - [39mResponding with HTTP 200
[32m[2020-06-09T10:47:51.701] [INFO] default - [39mHandling GET /api/portals
[36m[2020-06-09T10:47:51.702] [DEBUG] default - [39mReturning cached portals
[32m[2020-06-09T10:47:51.702] [INFO] default - [39mResponding with HTTP 200
[32m[2020-06-09T10:47:51.731] [INFO] default - [39mResponding with HTTP 200
[32m[2020-06-09T10:47:56.110] [INFO] default - [39mHandling GET /api/portals
[36m[2020-06-09T10:47:56.110] [DEBUG] default - [39mReturning cached portals
[32m[2020-06-09T10:47:56.110] [INFO] default - [39mResponding with HTTP 200
[32m[2020-06-09T10:47:56.124] [INFO] default - [39mResponding with HTTP 200
[32m[2020-06-09T10:47:56.248] [INFO] default - [39mHandling GET /api/portals
[36m[2020-06-09T10:47:56.248] [DEBUG] default - [39mReturning cached portals
[32m[2020-06-09T10:47:56.249] [INFO] default - [39mResponding with HTTP 200
[32m[2020-06-09T10:47:56.282] [INFO] default - [39mResponding with HTTP 200
[32m[2020-06-09T10:48:16.584] [INFO] default - [39mHandling GET /api/portals
[36m[2020-06-09T10:48:16.584] [DEBUG] default - [39mReturning cached portals
[32m[2020-06-09T10:48:16.585] [INFO] default - [39mResponding with HTTP 200
[32m[2020-06-09T10:48:16.599] [INFO] default - [39mResponding with HTTP 200
[32m[2020-06-09T10:48:21.102] [INFO] default - [39mHandling GET /api/portals
[36m[2020-06-09T10:48:21.102] [DEBUG] default - [39mReturning cached portals
[32m[2020-06-09T10:48:21.103] [INFO] default - [39mResponding with HTTP 200
[32m[2020-06-09T10:48:21.118] [INFO] default - [39mResponding with HTTP 200
[32m[2020-06-09T10:48:23.601] [INFO] default - [39mHandling GET /api/portals
[36m[2020-06-09T10:48:23.602] [DEBUG] default - [39mReturning cached portals
[32m[2020-06-09T10:48:23.603] [INFO] default - [39mResponding with HTTP 200
[32m[2020-06-09T10:48:23.616] [INFO] default - [39mResponding with HTTP 200
[32m[2020-06-09T10:48:23.829] [INFO] default - [39mHandling GET /api/portals
[36m[2020-06-09T10:48:23.830] [DEBUG] default - [39mReturning cached portals
[32m[2020-06-09T10:48:23.830] [INFO] default - [39mResponding with HTTP 200
[32m[2020-06-09T10:48:23.843] [INFO] default - [39mResponding with HTTP 200
[32m[2020-06-09T10:48:42.977] [INFO] default - [39mHandling GET /api/portals
[32m[2020-06-09T10:48:43.251] [INFO] default - [39mResponding with HTTP 200
[32m[2020-06-09T10:48:43.276] [INFO] default - [39mResponding with HTTP 200
[32m[2020-06-09T10:48:43.339] [INFO] default - [39mHandling GET /api/portals
[36m[2020-06-09T10:48:43.340] [DEBUG] default - [39mReturning cached portals
[32m[2020-06-09T10:48:43.340] [INFO] default - [39mResponding with HTTP 200
[32m[2020-06-09T10:48:43.355] [INFO] default - [39mResponding with HTTP 200
[32m[2020-06-09T10:48:46.548] [INFO] default - [39mHandling GET /api/portals
[36m[2020-06-09T10:48:46.550] [DEBUG] default - [39mReturning cached portals
[32m[2020-06-09T10:48:46.550] [INFO] default - [39mResponding with HTTP 200
[32m[2020-06-09T10:48:46.563] [INFO] default - [39mResponding with HTTP 200
[32m[2020-06-09T10:48:46.739] [INFO] default - [39mHandling GET /api/portals
[36m[2020-06-09T10:48:46.740] [DEBUG] default - [39mReturning cached portals
[32m[2020-06-09T10:48:46.740] [INFO] default - [39mResponding with HTTP 200
[32m[2020-06-09T10:48:46.755] [INFO] default - [39mResponding with HTTP 200
[32m[2020-06-09T10:50:40.171] [INFO] default - [39mHandling GET /api/portals
[32m[2020-06-09T10:50:40.443] [INFO] default - [39mResponding with HTTP 200
[32m[2020-06-09T10:50:40.460] [INFO] default - [39mResponding with HTTP 200
[32m[2020-06-09T10:55:57.303] [INFO] default - [39mHandling GET /api/portals
[32m[2020-06-09T10:55:57.570] [INFO] default - [39mResponding with HTTP 200
[32m[2020-06-09T10:55:57.583] [INFO] default - [39mResponding with HTTP 200
[32m[2020-06-09T11:01:46.380] [INFO] default - [39mHandling GET /api/portals
[32m[2020-06-09T11:01:46.647] [INFO] default - [39mResponding with HTTP 200
[32m[2020-06-09T11:01:46.660] [INFO] default - [39mResponding with HTTP 200
[32m[2020-06-09T11:01:46.751] [INFO] default - [39mHandling GET /api/portals
[36m[2020-06-09T11:01:46.752] [DEBUG] default - [39mReturning cached portals
[32m[2020-06-09T11:01:46.753] [INFO] default - [39mResponding with HTTP 200
[32m[2020-06-09T11:01:46.770] [INFO] default - [39mResponding with HTTP 200
[32m[2020-06-09T11:01:48.142] [INFO] default - [39mHandling GET /api/portals
[36m[2020-06-09T11:01:48.143] [DEBUG] default - [39mReturning cached portals
[32m[2020-06-09T11:01:48.144] [INFO] default - [39mResponding with HTTP 200
[32m[2020-06-09T11:01:48.157] [INFO] default - [39mResponding with HTTP 200
[32m[2020-06-09T11:01:49.255] [INFO] default - [39mHandling GET /api/portals
[36m[2020-06-09T11:01:49.255] [DEBUG] default - [39mReturning cached portals
[32m[2020-06-09T11:01:49.255] [INFO] default - [39mResponding with HTTP 200
[32m[2020-06-09T11:01:49.264] [INFO] default - [39mResponding with HTTP 200
[32m[2020-06-09T11:02:30.862] [INFO] default - [39mHandling GET /api/portals
[36m[2020-06-09T11:02:30.862] [DEBUG] default - [39mReturning cached portals
[32m[2020-06-09T11:02:30.863] [INFO] default - [39mResponding with HTTP 200
[32m[2020-06-09T11:02:30.936] [INFO] default - [39mResponding with HTTP 200
[32m[2020-06-09T11:30:13.968] [INFO] default - [39mHandling GET /api/portals
[32m[2020-06-09T11:30:14.227] [INFO] default - [39mResponding with HTTP 200
[32m[2020-06-09T11:30:14.240] [INFO] default - [39mResponding with HTTP 200
[32m[2020-06-09T11:30:14.321] [INFO] default - [39mHandling GET /api/portals
[36m[2020-06-09T11:30:14.322] [DEBUG] default - [39mReturning cached portals
[32m[2020-06-09T11:30:14.322] [INFO] default - [39mResponding with HTTP 200
[32m[2020-06-09T11:30:14.336] [INFO] default - [39mResponding with HTTP 200
[32m[2020-06-09T11:39:42.935] [INFO] default - [39mHandling GET /api/portals
[32m[2020-06-09T11:39:43.243] [INFO] default - [39mResponding with HTTP 200
[32m[2020-06-09T11:39:43.261] [INFO] default - [39mResponding with HTTP 200
[32m[2020-06-09T11:39:46.566] [INFO] default - [39mHandling GET /api/portals
[36m[2020-06-09T11:39:46.566] [DEBUG] default - [39mReturning cached portals
[32m[2020-06-09T11:39:46.566] [INFO] default - [39mResponding with HTTP 200
[32m[2020-06-09T11:39:46.581] [INFO] default - [39mResponding with HTTP 200
[32m[2020-06-09T11:39:46.640] [INFO] default - [39mHandling GET /api/portals
[36m[2020-06-09T11:39:46.641] [DEBUG] default - [39mReturning cached portals
[32m[2020-06-09T11:39:46.641] [INFO] default - [39mResponding with HTTP 200
[32m[2020-06-09T11:39:46.658] [INFO] default - [39mResponding with HTTP 200
[32m[2020-06-09T11:40:28.918] [INFO] default - [39mHandling GET /robots.txt
[32m[2020-06-09T11:40:29.975] [INFO] default - [39mHandling GET /api/portals
[36m[2020-06-09T11:40:29.976] [DEBUG] default - [39mReturning cached portals
[32m[2020-06-09T11:40:29.976] [INFO] default - [39mResponding with HTTP 200
[32m[2020-06-09T11:40:29.992] [INFO] default - [39mResponding with HTTP 200
[32m[2020-06-09T11:41:17.251] [INFO] default - [39mHandling GET /api/portals
[32m[2020-06-09T11:41:17.513] [INFO] default - [39mResponding with HTTP 200
[32m[2020-06-09T11:41:17.540] [INFO] default - [39mResponding with HTTP 200
[32m[2020-06-09T11:41:19.838] [INFO] default - [39mHandling GET /api/portals
[36m[2020-06-09T11:41:19.839] [DEBUG] default - [39mReturning cached portals
[32m[2020-06-09T11:41:19.839] [INFO] default - [39mResponding with HTTP 200
[32m[2020-06-09T11:41:19.852] [INFO] default - [39mResponding with HTTP 200
[32m[2020-06-09T11:41:26.061] [INFO] default - [39mHandling GET /api/portals
[36m[2020-06-09T11:41:26.062] [DEBUG] default - [39mReturning cached portals
[32m[2020-06-09T11:41:26.062] [INFO] default - [39mResponding with HTTP 200
[32m[2020-06-09T11:41:26.074] [INFO] default - [39mResponding with HTTP 200
[32m[2020-06-09T11:41:26.194] [INFO] default - [39mHandling GET /api/portals
[36m[2020-06-09T11:41:26.195] [DEBUG] default - [39mReturning cached portals
[32m[2020-06-09T11:41:26.195] [INFO] default - [39mResponding with HTTP 200
[32m[2020-06-09T11:41:26.208] [INFO] default - [39mResponding with HTTP 200
[32m[2020-06-09T11:41:30.806] [INFO] default - [39mHandling GET /api/portals
[36m[2020-06-09T11:41:30.807] [DEBUG] default - [39mReturning cached portals
[32m[2020-06-09T11:41:30.808] [INFO] default - [39mResponding with HTTP 200
[32m[2020-06-09T11:41:30.821] [INFO] default - [39mResponding with HTTP 200
[32m[2020-06-09T11:41:32.908] [INFO] default - [39mHandling GET /api/portals
[36m[2020-06-09T11:41:32.908] [DEBUG] default - [39mReturning cached portals
[32m[2020-06-09T11:41:32.909] [INFO] default - [39mResponding with HTTP 200
[32m[2020-06-09T11:41:32.921] [INFO] default - [39mResponding with HTTP 200
[32m[2020-06-09T11:41:32.996] [INFO] default - [39mHandling GET /api/portals
[36m[2020-06-09T11:41:32.996] [DEBUG] default - [39mReturning cached portals
[32m[2020-06-09T11:41:32.996] [INFO] default - [39mResponding with HTTP 200
[32m[2020-06-09T11:41:33.010] [INFO] default - [39mResponding with HTTP 200
[32m[2020-06-09T11:41:36.034] [INFO] default - [39mHandling GET /api/portals
[36m[2020-06-09T11:41:36.035] [DEBUG] default - [39mReturning cached portals
[32m[2020-06-09T11:41:36.035] [INFO] default - [39mResponding with HTTP 200
[32m[2020-06-09T11:41:36.045] [INFO] default - [39mResponding with HTTP 200
[32m[2020-06-09T11:41:41.219] [INFO] default - [39mHandling GET /api/portals
[36m[2020-06-09T11:41:41.220] [DEBUG] default - [39mReturning cached portals
[32m[2020-06-09T11:41:41.220] [INFO] default - [39mResponding with HTTP 200
[32m[2020-06-09T11:41:41.231] [INFO] default - [39mResponding with HTTP 200
[32m[2020-06-09T11:41:41.353] [INFO] default - [39mHandling GET /api/portals
[36m[2020-06-09T11:41:41.353] [DEBUG] default - [39mReturning cached portals
[32m[2020-06-09T11:41:41.353] [INFO] default - [39mResponding with HTTP 200
[32m[2020-06-09T11:41:41.366] [INFO] default - [39mResponding with HTTP 200
[32m[2020-06-09T11:41:42.856] [INFO] default - [39mHandling GET /api/portals
[36m[2020-06-09T11:41:42.856] [DEBUG] default - [39mReturning cached portals
[32m[2020-06-09T11:41:42.857] [INFO] default - [39mResponding with HTTP 200
[32m[2020-06-09T11:41:42.866] [INFO] default - [39mResponding with HTTP 200
[32m[2020-06-09T11:42:27.262] [INFO] default - [39mHandling GET /api/portals
[32m[2020-06-09T11:42:27.523] [INFO] default - [39mResponding with HTTP 200
[32m[2020-06-09T11:42:27.553] [INFO] default - [39mResponding with HTTP 200
[32m[2020-06-09T11:42:27.608] [INFO] default - [39mHandling GET /api/portals
[36m[2020-06-09T11:42:27.610] [DEBUG] default - [39mReturning cached portals
[32m[2020-06-09T11:42:27.610] [INFO] default - [39mResponding with HTTP 200
[32m[2020-06-09T11:42:27.623] [INFO] default - [39mResponding with HTTP 200
[32m[2020-06-09T12:18:31.604] [INFO] default - [39mHandling GET /api/portals
[32m[2020-06-09T12:18:31.886] [INFO] default - [39mResponding with HTTP 200
[32m[2020-06-09T12:18:31.915] [INFO] default - [39mResponding with HTTP 200
[32m[2020-06-09T12:18:32.217] [INFO] default - [39mHandling GET /api/portals
[36m[2020-06-09T12:18:32.220] [DEBUG] default - [39mReturning cached portals
[32m[2020-06-09T12:18:32.220] [INFO] default - [39mResponding with HTTP 200
[32m[2020-06-09T12:18:32.241] [INFO] default - [39mResponding with HTTP 200
[32m[2020-06-09T12:18:33.318] [INFO] default - [39mHandling GET /api/portals
[36m[2020-06-09T12:18:33.319] [DEBUG] default - [39mReturning cached portals
[32m[2020-06-09T12:18:33.319] [INFO] default - [39mResponding with HTTP 200
[32m[2020-06-09T12:18:33.332] [INFO] default - [39mResponding with HTTP 200
[32m[2020-06-09T12:18:33.487] [INFO] default - [39mHandling GET /api/portals
[36m[2020-06-09T12:18:33.488] [DEBUG] default - [39mReturning cached portals
[32m[2020-06-09T12:18:33.488] [INFO] default - [39mResponding with HTTP 200
[32m[2020-06-09T12:18:33.501] [INFO] default - [39mResponding with HTTP 200
[32m[2020-06-09T12:29:57.148] [INFO] default - [39mHandling GET /api/portals
[32m[2020-06-09T12:29:57.415] [INFO] default - [39mResponding with HTTP 200
[32m[2020-06-09T12:29:57.429] [INFO] default - [39mResponding with HTTP 200
[32m[2020-06-09T12:29:59.242] [INFO] default - [39mHandling GET /api/portals
[36m[2020-06-09T12:29:59.243] [DEBUG] default - [39mReturning cached portals
[32m[2020-06-09T12:29:59.244] [INFO] default - [39mResponding with HTTP 200
[32m[2020-06-09T12:29:59.277] [INFO] default - [39mResponding with HTTP 200
[32m[2020-06-09T12:29:59.331] [INFO] default - [39mHandling GET /api/portals
[36m[2020-06-09T12:29:59.332] [DEBUG] default - [39mReturning cached portals
[32m[2020-06-09T12:29:59.333] [INFO] default - [39mResponding with HTTP 200
[32m[2020-06-09T12:29:59.346] [INFO] default - [39mResponding with HTTP 200
[32m[2020-06-09T12:33:05.379] [INFO] default - [39mHandling GET /api/portals
[32m[2020-06-09T12:33:05.664] [INFO] default - [39mResponding with HTTP 200
[32m[2020-06-09T12:33:05.685] [INFO] default - [39mResponding with HTTP 200
[32m[2020-06-09T12:53:33.051] [INFO] default - [39mHandling GET /api/portals
[32m[2020-06-09T12:53:33.311] [INFO] default - [39mResponding with HTTP 200
[32m[2020-06-09T12:53:33.324] [INFO] default - [39mResponding with HTTP 200
[32m[2020-06-09T13:20:38.059] [INFO] default - [39mHandling GET /api/portals
[32m[2020-06-09T13:20:38.320] [INFO] default - [39mResponding with HTTP 200
[32m[2020-06-09T13:20:38.333] [INFO] default - [39mResponding with HTTP 200
[32m[2020-06-09T13:20:39.097] [INFO] default - [39mHandling GET /api/portals
[36m[2020-06-09T13:20:39.098] [DEBUG] default - [39mReturning cached portals
[32m[2020-06-09T13:20:39.098] [INFO] default - [39mResponding with HTTP 200
[32m[2020-06-09T13:20:39.125] [INFO] default - [39mResponding with HTTP 200
[32m[2020-06-09T13:32:18.135] [INFO] default - [39mHandling GET /api/portals
[32m[2020-06-09T13:32:18.404] [INFO] default - [39mResponding with HTTP 200
[32m[2020-06-09T13:32:18.419] [INFO] default - [39mResponding with HTTP 200
[32m[2020-06-09T13:32:19.015] [INFO] default - [39mHandling GET /api/portals
[36m[2020-06-09T13:32:19.016] [DEBUG] default - [39mReturning cached portals
[32m[2020-06-09T13:32:19.016] [INFO] default - [39mResponding with HTTP 200
[32m[2020-06-09T13:32:19.036] [INFO] default - [39mResponding with HTTP 200
[32m[2020-06-09T13:38:49.648] [INFO] default - [39mHandling GET /api/portals
[32m[2020-06-09T13:38:49.928] [INFO] default - [39mResponding with HTTP 200
[32m[2020-06-09T13:38:49.953] [INFO] default - [39mResponding with HTTP 200
[32m[2020-06-09T13:38:50.376] [INFO] default - [39mHandling GET /api/portals
[36m[2020-06-09T13:38:50.377] [DEBUG] default - [39mReturning cached portals
[32m[2020-06-09T13:38:50.378] [INFO] default - [39mResponding with HTTP 200
[32m[2020-06-09T13:38:50.391] [INFO] default - [39mResponding with HTTP 200
[32m[2020-06-09T13:39:11.725] [INFO] default - [39mHandling GET /api/portals
[36m[2020-06-09T13:39:11.726] [DEBUG] default - [39mReturning cached portals
[32m[2020-06-09T13:39:11.726] [INFO] default - [39mResponding with HTTP 200
[32m[2020-06-09T13:39:11.740] [INFO] default - [39mResponding with HTTP 200
[32m[2020-06-09T13:39:14.869] [INFO] default - [39mHandling GET /api/portals
[36m[2020-06-09T13:39:14.870] [DEBUG] default - [39mReturning cached portals
[32m[2020-06-09T13:39:14.870] [INFO] default - [39mResponding with HTTP 200
[32m[2020-06-09T13:39:14.886] [INFO] default - [39mResponding with HTTP 200
[32m[2020-06-09T13:39:21.211] [INFO] default - [39mHandling GET /api/portals
[36m[2020-06-09T13:39:21.212] [DEBUG] default - [39mReturning cached portals
[32m[2020-06-09T13:39:21.212] [INFO] default - [39mResponding with HTTP 200
[32m[2020-06-09T13:39:21.238] [INFO] default - [39mResponding with HTTP 200
[32m[2020-06-09T13:39:21.336] [INFO] default - [39mHandling GET /api/portals
[36m[2020-06-09T13:39:21.336] [DEBUG] default - [39mReturning cached portals
[32m[2020-06-09T13:39:21.344] [INFO] default - [39mResponding with HTTP 200
[32m[2020-06-09T13:39:21.360] [INFO] default - [39mResponding with HTTP 200
[32m[2020-06-09T13:52:37.331] [INFO] default - [39mHandling GET /api/portals
[32m[2020-06-09T13:52:37.597] [INFO] default - [39mResponding with HTTP 200
[32m[2020-06-09T13:52:37.609] [INFO] default - [39mResponding with HTTP 200
[32m[2020-06-09T13:52:38.228] [INFO] default - [39mHandling GET /api/portals
[36m[2020-06-09T13:52:38.229] [DEBUG] default - [39mReturning cached portals
[32m[2020-06-09T13:52:38.230] [INFO] default - [39mResponding with HTTP 200
[32m[2020-06-09T13:52:38.242] [INFO] default - [39mResponding with HTTP 200
[32m[2020-06-09T13:52:39.344] [INFO] default - [39mHandling GET /api/portals
[36m[2020-06-09T13:52:39.344] [DEBUG] default - [39mReturning cached portals
[32m[2020-06-09T13:52:39.345] [INFO] default - [39mResponding with HTTP 200
[32m[2020-06-09T13:52:39.359] [INFO] default - [39mResponding with HTTP 200
[32m[2020-06-09T13:52:39.431] [INFO] default - [39mHandling GET /api/portals
[36m[2020-06-09T13:52:39.431] [DEBUG] default - [39mReturning cached portals
[32m[2020-06-09T13:52:39.431] [INFO] default - [39mResponding with HTTP 200
[32m[2020-06-09T13:52:39.443] [INFO] default - [39mResponding with HTTP 200
[32m[2020-06-09T13:52:45.294] [INFO] default - [39mHandling GET /api/portals
[36m[2020-06-09T13:52:45.295] [DEBUG] default - [39mReturning cached portals
[32m[2020-06-09T13:52:45.295] [INFO] default - [39mResponding with HTTP 200
[32m[2020-06-09T13:52:45.309] [INFO] default - [39mResponding with HTTP 200
[32m[2020-06-09T13:52:47.518] [INFO] default - [39mHandling GET /api/portals
[36m[2020-06-09T13:52:47.518] [DEBUG] default - [39mReturning cached portals
[32m[2020-06-09T13:52:47.519] [INFO] default - [39mResponding with HTTP 200
[32m[2020-06-09T13:52:47.532] [INFO] default - [39mResponding with HTTP 200
[32m[2020-06-09T14:24:32.396] [INFO] default - [39mHandling GET /api/portals
[32m[2020-06-09T14:24:32.657] [INFO] default - [39mResponding with HTTP 200
[32m[2020-06-09T14:24:32.673] [INFO] default - [39mResponding with HTTP 200
[32m[2020-06-09T14:24:33.716] [INFO] default - [39mHandling GET /api/portals
[36m[2020-06-09T14:24:33.716] [DEBUG] default - [39mReturning cached portals
[32m[2020-06-09T14:24:33.716] [INFO] default - [39mResponding with HTTP 200
[32m[2020-06-09T14:24:33.764] [INFO] default - [39mResponding with HTTP 200
[32m[2020-06-09T14:24:33.997] [INFO] default - [39mHandling GET /api/portals
[36m[2020-06-09T14:24:33.999] [DEBUG] default - [39mReturning cached portals
[32m[2020-06-09T14:24:33.999] [INFO] default - [39mResponding with HTTP 200
[32m[2020-06-09T14:24:34.051] [INFO] default - [39mResponding with HTTP 200
[32m[2020-06-09T14:33:52.373] [INFO] default - [39mHandling GET /api/portals
[32m[2020-06-09T14:33:52.647] [INFO] default - [39mResponding with HTTP 200
[32m[2020-06-09T14:33:52.686] [INFO] default - [39mResponding with HTTP 200
[32m[2020-06-09T14:33:55.192] [INFO] default - [39mHandling GET /api/portals
[36m[2020-06-09T14:33:55.193] [DEBUG] default - [39mReturning cached portals
[32m[2020-06-09T14:33:55.193] [INFO] default - [39mResponding with HTTP 200
[32m[2020-06-09T14:33:55.218] [INFO] default - [39mResponding with HTTP 200
[32m[2020-06-09T14:33:59.953] [INFO] default - [39mHandling GET /api/portals
[36m[2020-06-09T14:33:59.953] [DEBUG] default - [39mReturning cached portals
[32m[2020-06-09T14:33:59.953] [INFO] default - [39mResponding with HTTP 200
[32m[2020-06-09T14:33:59.967] [INFO] default - [39mResponding with HTTP 200
[32m[2020-06-09T14:34:00.700] [INFO] default - [39mHandling GET /api/portals
[36m[2020-06-09T14:34:00.701] [DEBUG] default - [39mReturning cached portals
[32m[2020-06-09T14:34:00.702] [INFO] default - [39mResponding with HTTP 200
[32m[2020-06-09T14:34:00.715] [INFO] default - [39mResponding with HTTP 200
[32m[2020-06-09T14:37:04.664] [INFO] default - [39mHandling GET /api/portals
[32m[2020-06-09T14:37:04.942] [INFO] default - [39mResponding with HTTP 200
[32m[2020-06-09T14:37:04.957] [INFO] default - [39mResponding with HTTP 200
[32m[2020-06-09T14:48:27.408] [INFO] default - [39mHandling GET /api/portals
[32m[2020-06-09T14:48:27.669] [INFO] default - [39mResponding with HTTP 200
[32m[2020-06-09T14:48:27.694] [INFO] default - [39mResponding with HTTP 200
[32m[2020-06-09T14:59:12.359] [INFO] default - [39mHandling GET /api/portals
[32m[2020-06-09T14:59:12.612] [INFO] default - [39mResponding with HTTP 200
[32m[2020-06-09T14:59:12.625] [INFO] default - [39mResponding with HTTP 200
[32m[2020-06-09T14:59:16.056] [INFO] default - [39mHandling GET /api/portals
[36m[2020-06-09T14:59:16.057] [DEBUG] default - [39mReturning cached portals
[32m[2020-06-09T14:59:16.058] [INFO] default - [39mResponding with HTTP 200
[32m[2020-06-09T14:59:16.069] [INFO] default - [39mResponding with HTTP 200
[32m[2020-06-09T14:59:20.903] [INFO] default - [39mHandling GET /api/portals
[36m[2020-06-09T14:59:20.903] [DEBUG] default - [39mReturning cached portals
[32m[2020-06-09T14:59:20.903] [INFO] default - [39mResponding with HTTP 200
[32m[2020-06-09T14:59:20.930] [INFO] default - [39mResponding with HTTP 200
[32m[2020-06-09T14:59:21.121] [INFO] default - [39mHandling GET /api/portals
[36m[2020-06-09T14:59:21.122] [DEBUG] default - [39mReturning cached portals
[32m[2020-06-09T14:59:21.122] [INFO] default - [39mResponding with HTTP 200
[32m[2020-06-09T14:59:21.136] [INFO] default - [39mResponding with HTTP 200
[32m[2020-06-09T15:00:24.513] [INFO] default - [39mHandling GET /api/portals
[32m[2020-06-09T15:00:24.777] [INFO] default - [39mResponding with HTTP 200
[32m[2020-06-09T15:00:24.803] [INFO] default - [39mResponding with HTTP 200
[32m[2020-06-09T15:00:26.787] [INFO] default - [39mHandling GET /api/portals
[36m[2020-06-09T15:00:26.787] [DEBUG] default - [39mReturning cached portals
[32m[2020-06-09T15:00:26.787] [INFO] default - [39mResponding with HTTP 200
[32m[2020-06-09T15:00:26.812] [INFO] default - [39mResponding with HTTP 200
[32m[2020-06-09T15:00:26.920] [INFO] default - [39mHandling GET /api/portals
[36m[2020-06-09T15:00:26.921] [DEBUG] default - [39mReturning cached portals
[32m[2020-06-09T15:00:26.921] [INFO] default - [39mResponding with HTTP 200
[32m[2020-06-09T15:00:26.937] [INFO] default - [39mResponding with HTTP 200
[32m[2020-06-09T15:04:23.040] [INFO] default - [39mHandling GET /api/portals
[32m[2020-06-09T15:04:23.307] [INFO] default - [39mResponding with HTTP 200
[32m[2020-06-09T15:04:23.321] [INFO] default - [39mResponding with HTTP 200
[32m[2020-06-09T15:04:23.434] [INFO] default - [39mHandling GET /api/portals
[36m[2020-06-09T15:04:23.435] [DEBUG] default - [39mReturning cached portals
[32m[2020-06-09T15:04:23.435] [INFO] default - [39mResponding with HTTP 200
[32m[2020-06-09T15:04:23.449] [INFO] default - [39mResponding with HTTP 200
[32m[2020-06-09T15:22:35.572] [INFO] default - [39mHandling GET /api/portals
[32m[2020-06-09T15:22:35.842] [INFO] default - [39mResponding with HTTP 200
[32m[2020-06-09T15:22:35.868] [INFO] default - [39mResponding with HTTP 200
[32m[2020-06-09T15:22:35.937] [INFO] default - [39mHandling GET /api/portals
[36m[2020-06-09T15:22:35.938] [DEBUG] default - [39mReturning cached portals
[32m[2020-06-09T15:22:35.938] [INFO] default - [39mResponding with HTTP 200
[32m[2020-06-09T15:22:35.950] [INFO] default - [39mResponding with HTTP 200
[32m[2020-06-09T15:22:36.674] [INFO] default - [39mHandling GET /api/portals
[36m[2020-06-09T15:22:36.675] [DEBUG] default - [39mReturning cached portals
[32m[2020-06-09T15:22:36.676] [INFO] default - [39mResponding with HTTP 200
[32m[2020-06-09T15:22:36.688] [INFO] default - [39mResponding with HTTP 200
[32m[2020-06-09T15:22:36.789] [INFO] default - [39mHandling GET /api/portals
[36m[2020-06-09T15:22:36.789] [DEBUG] default - [39mReturning cached portals
[32m[2020-06-09T15:22:36.790] [INFO] default - [39mResponding with HTTP 200
[32m[2020-06-09T15:22:36.802] [INFO] default - [39mResponding with HTTP 200
[32m[2020-06-09T16:09:19.218] [INFO] default - [39mHandling GET /api/portals
[32m[2020-06-09T16:09:19.488] [INFO] default - [39mResponding with HTTP 200
[32m[2020-06-09T16:09:19.502] [INFO] default - [39mResponding with HTTP 200
[32m[2020-06-09T16:24:22.786] [INFO] default - [39mHandling GET /api/portals
[32m[2020-06-09T16:24:23.050] [INFO] default - [39mResponding with HTTP 200
[32m[2020-06-09T16:24:23.062] [INFO] default - [39mResponding with HTTP 200
[32m[2020-06-09T16:24:25.038] [INFO] default - [39mHandling GET /api/portals
[36m[2020-06-09T16:24:25.038] [DEBUG] default - [39mReturning cached portals
[32m[2020-06-09T16:24:25.038] [INFO] default - [39mResponding with HTTP 200
[32m[2020-06-09T16:24:25.066] [INFO] default - [39mResponding with HTTP 200
[32m[2020-06-09T16:24:28.816] [INFO] default - [39mHandling GET /api/portals
[36m[2020-06-09T16:24:28.817] [DEBUG] default - [39mReturning cached portals
[32m[2020-06-09T16:24:28.817] [INFO] default - [39mResponding with HTTP 200
[32m[2020-06-09T16:24:28.832] [INFO] default - [39mResponding with HTTP 200
[32m[2020-06-09T16:24:30.247] [INFO] default - [39mHandling GET /api/portals
[36m[2020-06-09T16:24:30.248] [DEBUG] default - [39mReturning cached portals
[32m[2020-06-09T16:24:30.248] [INFO] default - [39mResponding with HTTP 200
[32m[2020-06-09T16:24:30.296] [INFO] default - [39mResponding with HTTP 200
[32m[2020-06-09T16:24:31.106] [INFO] default - [39mHandling GET /api/portals
[36m[2020-06-09T16:24:31.107] [DEBUG] default - [39mReturning cached portals
[32m[2020-06-09T16:24:31.107] [INFO] default - [39mResponding with HTTP 200
[32m[2020-06-09T16:24:31.135] [INFO] default - [39mResponding with HTTP 200
[32m[2020-06-09T16:24:31.197] [INFO] default - [39mHandling GET /api/portals
[36m[2020-06-09T16:24:31.197] [DEBUG] default - [39mReturning cached portals
[32m[2020-06-09T16:24:31.198] [INFO] default - [39mResponding with HTTP 200
[32m[2020-06-09T16:24:31.214] [INFO] default - [39mResponding with HTTP 200
[32m[2020-06-09T16:24:35.009] [INFO] default - [39mHandling GET /api/portals
[36m[2020-06-09T16:24:35.010] [DEBUG] default - [39mReturning cached portals
[32m[2020-06-09T16:24:35.010] [INFO] default - [39mResponding with HTTP 200
[32m[2020-06-09T16:24:35.033] [INFO] default - [39mResponding with HTTP 200
[32m[2020-06-09T16:24:35.129] [INFO] default - [39mHandling GET /api/portals
[36m[2020-06-09T16:24:35.130] [DEBUG] default - [39mReturning cached portals
[32m[2020-06-09T16:24:35.130] [INFO] default - [39mResponding with HTTP 200
[32m[2020-06-09T16:24:35.147] [INFO] default - [39mResponding with HTTP 200
[32m[2020-06-09T16:24:38.729] [INFO] default - [39mHandling GET /api/portals
[36m[2020-06-09T16:24:38.730] [DEBUG] default - [39mReturning cached portals
[32m[2020-06-09T16:24:38.730] [INFO] default - [39mResponding with HTTP 200
[32m[2020-06-09T16:24:38.751] [INFO] default - [39mResponding with HTTP 200
[32m[2020-06-09T16:24:39.574] [INFO] default - [39mHandling GET /api/portals
[36m[2020-06-09T16:24:39.576] [DEBUG] default - [39mReturning cached portals
[32m[2020-06-09T16:24:39.576] [INFO] default - [39mResponding with HTTP 200
[32m[2020-06-09T16:24:39.588] [INFO] default - [39mResponding with HTTP 200
[32m[2020-06-09T16:24:39.652] [INFO] default - [39mHandling GET /api/portals
[36m[2020-06-09T16:24:39.653] [DEBUG] default - [39mReturning cached portals
[32m[2020-06-09T16:24:39.653] [INFO] default - [39mResponding with HTTP 200
[32m[2020-06-09T16:24:39.664] [INFO] default - [39mResponding with HTTP 200
[32m[2020-06-09T16:24:40.099] [INFO] default - [39mHandling GET /api/portals
[36m[2020-06-09T16:24:40.100] [DEBUG] default - [39mReturning cached portals
[32m[2020-06-09T16:24:40.100] [INFO] default - [39mResponding with HTTP 200
[32m[2020-06-09T16:24:40.112] [INFO] default - [39mResponding with HTTP 200
[32m[2020-06-09T16:24:40.171] [INFO] default - [39mHandling GET /api/portals
[36m[2020-06-09T16:24:40.171] [DEBUG] default - [39mReturning cached portals
[32m[2020-06-09T16:24:40.171] [INFO] default - [39mResponding with HTTP 200
[32m[2020-06-09T16:24:40.181] [INFO] default - [39mResponding with HTTP 200
[32m[2020-06-09T16:24:43.361] [INFO] default - [39mHandling GET /api/portals
[36m[2020-06-09T16:24:43.362] [DEBUG] default - [39mReturning cached portals
[32m[2020-06-09T16:24:43.362] [INFO] default - [39mResponding with HTTP 200
[32m[2020-06-09T16:24:43.383] [INFO] default - [39mResponding with HTTP 200
[32m[2020-06-09T16:24:43.450] [INFO] default - [39mHandling GET /api/portals
[36m[2020-06-09T16:24:43.451] [DEBUG] default - [39mReturning cached portals
[32m[2020-06-09T16:24:43.451] [INFO] default - [39mResponding with HTTP 200
[32m[2020-06-09T16:24:43.459] [INFO] default - [39mResponding with HTTP 200
[32m[2020-06-09T16:24:46.597] [INFO] default - [39mHandling GET /api/portals
[36m[2020-06-09T16:24:46.597] [DEBUG] default - [39mReturning cached portals
[32m[2020-06-09T16:24:46.599] [INFO] default - [39mResponding with HTTP 200
[32m[2020-06-09T16:24:46.609] [INFO] default - [39mResponding with HTTP 200
[32m[2020-06-09T16:24:46.689] [INFO] default - [39mHandling GET /api/portals
[36m[2020-06-09T16:24:46.689] [DEBUG] default - [39mReturning cached portals
[32m[2020-06-09T16:24:46.689] [INFO] default - [39mResponding with HTTP 200
[32m[2020-06-09T16:24:46.699] [INFO] default - [39mResponding with HTTP 200
[32m[2020-06-09T16:24:50.097] [INFO] default - [39mHandling GET /api/portals
[36m[2020-06-09T16:24:50.098] [DEBUG] default - [39mReturning cached portals
[32m[2020-06-09T16:24:50.098] [INFO] default - [39mResponding with HTTP 200
[32m[2020-06-09T16:24:50.112] [INFO] default - [39mResponding with HTTP 200
[32m[2020-06-09T16:24:50.193] [INFO] default - [39mHandling GET /api/portals
[36m[2020-06-09T16:24:50.194] [DEBUG] default - [39mReturning cached portals
[32m[2020-06-09T16:24:50.194] [INFO] default - [39mResponding with HTTP 200
[32m[2020-06-09T16:24:50.212] [INFO] default - [39mResponding with HTTP 200
[32m[2020-06-09T16:24:53.642] [INFO] default - [39mHandling GET /api/portals
[36m[2020-06-09T16:24:53.642] [DEBUG] default - [39mReturning cached portals
[32m[2020-06-09T16:24:53.643] [INFO] default - [39mResponding with HTTP 200
[32m[2020-06-09T16:24:53.655] [INFO] default - [39mResponding with HTTP 200
[32m[2020-06-09T16:24:53.714] [INFO] default - [39mHandling GET /api/portals
[36m[2020-06-09T16:24:53.715] [DEBUG] default - [39mReturning cached portals
[32m[2020-06-09T16:24:53.715] [INFO] default - [39mResponding with HTTP 200
[32m[2020-06-09T16:24:53.733] [INFO] default - [39mResponding with HTTP 200
[32m[2020-06-09T16:57:48.115] [INFO] default - [39mHandling GET /api/portals
[32m[2020-06-09T16:57:48.377] [INFO] default - [39mResponding with HTTP 200
[32m[2020-06-09T16:57:48.390] [INFO] default - [39mResponding with HTTP 200
[32m[2020-06-09T16:59:43.279] [INFO] default - [39mHandling GET /api/portals
[32m[2020-06-09T16:59:43.554] [INFO] default - [39mResponding with HTTP 200
[32m[2020-06-09T16:59:43.569] [INFO] default - [39mResponding with HTTP 200
[32m[2020-06-09T16:59:53.114] [INFO] default - [39mHandling GET /api/portals
[36m[2020-06-09T16:59:53.115] [DEBUG] default - [39mReturning cached portals
[32m[2020-06-09T16:59:53.115] [INFO] default - [39mResponding with HTTP 200
[32m[2020-06-09T16:59:53.128] [INFO] default - [39mResponding with HTTP 200
[32m[2020-06-09T16:59:58.428] [INFO] default - [39mHandling GET /api/portals
[36m[2020-06-09T16:59:58.429] [DEBUG] default - [39mReturning cached portals
[32m[2020-06-09T16:59:58.429] [INFO] default - [39mResponding with HTTP 200
[32m[2020-06-09T16:59:58.441] [INFO] default - [39mResponding with HTTP 200
[32m[2020-06-09T16:59:58.692] [INFO] default - [39mHandling GET /api/portals
[36m[2020-06-09T16:59:58.692] [DEBUG] default - [39mReturning cached portals
[32m[2020-06-09T16:59:58.693] [INFO] default - [39mResponding with HTTP 200
[32m[2020-06-09T16:59:58.705] [INFO] default - [39mResponding with HTTP 200
[32m[2020-06-09T17:18:55.269] [INFO] default - [39mHandling GET /api/portals
[32m[2020-06-09T17:18:55.534] [INFO] default - [39mResponding with HTTP 200
[32m[2020-06-09T17:18:55.547] [INFO] default - [39mResponding with HTTP 200
[32m[2020-06-09T17:18:55.666] [INFO] default - [39mHandling GET /api/portals
[36m[2020-06-09T17:18:55.666] [DEBUG] default - [39mReturning cached portals
[32m[2020-06-09T17:18:55.667] [INFO] default - [39mResponding with HTTP 200
[32m[2020-06-09T17:18:55.680] [INFO] default - [39mResponding with HTTP 200
[32m[2020-06-09T17:39:50.610] [INFO] default - [39mHandling GET /api/portals
[32m[2020-06-09T17:39:50.881] [INFO] default - [39mResponding with HTTP 200
[32m[2020-06-09T17:39:50.895] [INFO] default - [39mResponding with HTTP 200
[32m[2020-06-09T17:39:56.046] [INFO] default - [39mHandling GET /favicon.ico
[32m[2020-06-09T17:40:45.716] [INFO] default - [39mHandling GET /api/portals
[36m[2020-06-09T17:40:45.717] [DEBUG] default - [39mReturning cached portals
[32m[2020-06-09T17:40:45.717] [INFO] default - [39mResponding with HTTP 200
[32m[2020-06-09T17:40:45.748] [INFO] default - [39mResponding with HTTP 200
[32m[2020-06-09T17:40:50.044] [INFO] default - [39mHandling GET /api/portals
[32m[2020-06-09T17:40:50.305] [INFO] default - [39mResponding with HTTP 200
[32m[2020-06-09T17:40:50.322] [INFO] default - [39mResponding with HTTP 200
[32m[2020-06-09T17:41:34.665] [INFO] default - [39mHandling GET /favicon.ico
[32m[2020-06-09T18:01:49.179] [INFO] default - [39mHandling GET /api/portals
[32m[2020-06-09T18:01:49.454] [INFO] default - [39mResponding with HTTP 200
[32m[2020-06-09T18:01:49.473] [INFO] default - [39mResponding with HTTP 200
[32m[2020-06-09T18:01:50.332] [INFO] default - [39mHandling GET /api/portals
[36m[2020-06-09T18:01:50.333] [DEBUG] default - [39mReturning cached portals
[32m[2020-06-09T18:01:50.333] [INFO] default - [39mResponding with HTTP 200
[32m[2020-06-09T18:01:50.353] [INFO] default - [39mResponding with HTTP 200
[32m[2020-06-09T18:01:50.544] [INFO] default - [39mHandling GET /api/portals
[36m[2020-06-09T18:01:50.545] [DEBUG] default - [39mReturning cached portals
[32m[2020-06-09T18:01:50.545] [INFO] default - [39mResponding with HTTP 200
[32m[2020-06-09T18:01:50.584] [INFO] default - [39mResponding with HTTP 200
[32m[2020-06-09T18:19:42.665] [INFO] default - [39mHandling GET /api/portals
[32m[2020-06-09T18:19:42.920] [INFO] default - [39mResponding with HTTP 200
[32m[2020-06-09T18:19:42.935] [INFO] default - [39mResponding with HTTP 200
[32m[2020-06-09T18:21:35.289] [INFO] default - [39mHandling GET /api/portals
[32m[2020-06-09T18:21:35.557] [INFO] default - [39mResponding with HTTP 200
[32m[2020-06-09T18:21:35.572] [INFO] default - [39mResponding with HTTP 200
[32m[2020-06-09T18:22:04.627] [INFO] default - [39mHandling GET /api/portals
[36m[2020-06-09T18:22:04.630] [DEBUG] default - [39mReturning cached portals
[32m[2020-06-09T18:22:04.630] [INFO] default - [39mResponding with HTTP 200
[32m[2020-06-09T18:22:04.657] [INFO] default - [39mResponding with HTTP 200
[32m[2020-06-09T18:22:04.759] [INFO] default - [39mHandling GET /api/portals
[36m[2020-06-09T18:22:04.759] [DEBUG] default - [39mReturning cached portals
[32m[2020-06-09T18:22:04.760] [INFO] default - [39mResponding with HTTP 200
[32m[2020-06-09T18:22:04.830] [INFO] default - [39mResponding with HTTP 200
[32m[2020-06-09T18:38:40.160] [INFO] default - [39mHandling GET /api/portals
[32m[2020-06-09T18:38:40.415] [INFO] default - [39mResponding with HTTP 200
[32m[2020-06-09T18:38:40.435] [INFO] default - [39mResponding with HTTP 200
[32m[2020-06-09T18:38:41.087] [INFO] default - [39mHandling GET /api/portals
[36m[2020-06-09T18:38:41.089] [DEBUG] default - [39mReturning cached portals
[32m[2020-06-09T18:38:41.089] [INFO] default - [39mResponding with HTTP 200
[32m[2020-06-09T18:38:41.101] [INFO] default - [39mResponding with HTTP 200
[32m[2020-06-09T18:40:48.057] [INFO] default - [39mHandling GET /api/portals
[32m[2020-06-09T18:40:48.329] [INFO] default - [39mResponding with HTTP 200
[32m[2020-06-09T18:40:48.359] [INFO] default - [39mResponding with HTTP 200
[32m[2020-06-09T18:40:49.507] [INFO] default - [39mHandling GET /api/portals
[36m[2020-06-09T18:40:49.507] [DEBUG] default - [39mReturning cached portals
[32m[2020-06-09T18:40:49.507] [INFO] default - [39mResponding with HTTP 200
[32m[2020-06-09T18:40:49.527] [INFO] default - [39mResponding with HTTP 200
[32m[2020-06-09T18:42:16.010] [INFO] default - [39mHandling GET /api/portals
[32m[2020-06-09T18:42:16.286] [INFO] default - [39mResponding with HTTP 200
[32m[2020-06-09T18:42:16.305] [INFO] default - [39mResponding with HTTP 200
[32m[2020-06-09T18:42:16.622] [INFO] default - [39mHandling GET /api/portals
[36m[2020-06-09T18:42:16.622] [DEBUG] default - [39mReturning cached portals
[32m[2020-06-09T18:42:16.623] [INFO] default - [39mResponding with HTTP 200
[32m[2020-06-09T18:42:16.648] [INFO] default - [39mResponding with HTTP 200
[32m[2020-06-09T18:44:05.217] [INFO] default - [39mHandling GET /api/portals
[32m[2020-06-09T18:44:05.478] [INFO] default - [39mResponding with HTTP 200
[32m[2020-06-09T18:44:05.494] [INFO] default - [39mResponding with HTTP 200
[32m[2020-06-09T18:44:05.824] [INFO] default - [39mHandling GET /api/portals
[36m[2020-06-09T18:44:05.824] [DEBUG] default - [39mReturning cached portals
[32m[2020-06-09T18:44:05.825] [INFO] default - [39mResponding with HTTP 200
[32m[2020-06-09T18:44:05.839] [INFO] default - [39mResponding with HTTP 200
[32m[2020-06-09T18:46:11.066] [INFO] default - [39mHandling GET /api/portals
[32m[2020-06-09T18:46:11.324] [INFO] default - [39mResponding with HTTP 200
[32m[2020-06-09T18:46:11.338] [INFO] default - [39mResponding with HTTP 200
[32m[2020-06-09T18:54:24.377] [INFO] default - [39mHandling GET /api/portals
[32m[2020-06-09T18:54:24.640] [INFO] default - [39mResponding with HTTP 200
[32m[2020-06-09T18:54:24.668] [INFO] default - [39mResponding with HTTP 200
[32m[2020-06-09T19:03:01.850] [INFO] default - [39mHandling GET /api/portals
[32m[2020-06-09T19:03:02.114] [INFO] default - [39mResponding with HTTP 200
[32m[2020-06-09T19:03:02.144] [INFO] default - [39mResponding with HTTP 200
[32m[2020-06-09T19:03:07.372] [INFO] default - [39mHandling GET /favicon.ico
[32m[2020-06-09T19:04:31.138] [INFO] default - [39mHandling GET /api/portals
[32m[2020-06-09T19:04:31.420] [INFO] default - [39mResponding with HTTP 200
[32m[2020-06-09T19:04:31.436] [INFO] default - [39mResponding with HTTP 200
[32m[2020-06-09T19:04:31.671] [INFO] default - [39mHandling GET /api/portals
[36m[2020-06-09T19:04:31.672] [DEBUG] default - [39mReturning cached portals
[32m[2020-06-09T19:04:31.672] [INFO] default - [39mResponding with HTTP 200
[32m[2020-06-09T19:04:31.696] [INFO] default - [39mResponding with HTTP 200
[32m[2020-06-09T19:04:34.003] [INFO] default - [39mHandling GET /api/portals
[36m[2020-06-09T19:04:34.005] [DEBUG] default - [39mReturning cached portals
[32m[2020-06-09T19:04:34.005] [INFO] default - [39mResponding with HTTP 200
[32m[2020-06-09T19:04:34.029] [INFO] default - [39mResponding with HTTP 200
[32m[2020-06-09T19:04:34.338] [INFO] default - [39mHandling GET /api/portals
[36m[2020-06-09T19:04:34.339] [DEBUG] default - [39mReturning cached portals
[32m[2020-06-09T19:04:34.339] [INFO] default - [39mResponding with HTTP 200
[32m[2020-06-09T19:04:34.351] [INFO] default - [39mResponding with HTTP 200
[32m[2020-06-09T19:11:34.973] [INFO] default - [39mHandling GET /api/portals
[32m[2020-06-09T19:11:35.227] [INFO] default - [39mResponding with HTTP 200
[32m[2020-06-09T19:11:35.242] [INFO] default - [39mResponding with HTTP 200
[32m[2020-06-09T19:11:35.312] [INFO] default - [39mHandling GET /api/portals
[36m[2020-06-09T19:11:35.313] [DEBUG] default - [39mReturning cached portals
[32m[2020-06-09T19:11:35.313] [INFO] default - [39mResponding with HTTP 200
[32m[2020-06-09T19:11:35.326] [INFO] default - [39mResponding with HTTP 200
[32m[2020-06-09T19:11:51.370] [INFO] default - [39mHandling GET /api/portals
[36m[2020-06-09T19:11:51.371] [DEBUG] default - [39mReturning cached portals
[32m[2020-06-09T19:11:51.371] [INFO] default - [39mResponding with HTTP 200
[32m[2020-06-09T19:11:51.403] [INFO] default - [39mResponding with HTTP 200
[32m[2020-06-09T19:11:52.674] [INFO] default - [39mHandling GET /api/portals
[36m[2020-06-09T19:11:52.675] [DEBUG] default - [39mReturning cached portals
[32m[2020-06-09T19:11:52.676] [INFO] default - [39mResponding with HTTP 200
[32m[2020-06-09T19:11:52.688] [INFO] default - [39mResponding with HTTP 200
[32m[2020-06-09T19:11:52.767] [INFO] default - [39mHandling GET /api/portals
[36m[2020-06-09T19:11:52.768] [DEBUG] default - [39mReturning cached portals
[32m[2020-06-09T19:11:52.768] [INFO] default - [39mResponding with HTTP 200
[32m[2020-06-09T19:11:52.781] [INFO] default - [39mResponding with HTTP 200
[32m[2020-06-09T20:05:08.166] [INFO] default - [39mHandling GET /api/portals
[32m[2020-06-09T20:05:08.431] [INFO] default - [39mResponding with HTTP 200
[32m[2020-06-09T20:05:08.445] [INFO] default - [39mResponding with HTTP 200
[32m[2020-06-09T20:20:29.932] [INFO] default - [39mHandling GET /api/portals
[32m[2020-06-09T20:20:30.195] [INFO] default - [39mResponding with HTTP 200
[32m[2020-06-09T20:20:30.207] [INFO] default - [39mResponding with HTTP 200
[32m[2020-06-09T20:23:10.014] [INFO] default - [39mHandling GET /api/portals
[32m[2020-06-09T20:23:10.286] [INFO] default - [39mResponding with HTTP 200
[32m[2020-06-09T20:23:10.314] [INFO] default - [39mResponding with HTTP 200
[32m[2020-06-09T20:23:10.398] [INFO] default - [39mHandling GET /api/portals
[36m[2020-06-09T20:23:10.399] [DEBUG] default - [39mReturning cached portals
[32m[2020-06-09T20:23:10.399] [INFO] default - [39mResponding with HTTP 200
[32m[2020-06-09T20:23:10.412] [INFO] default - [39mResponding with HTTP 200
[32m[2020-06-09T20:23:16.351] [INFO] default - [39mHandling GET /api/portals
[36m[2020-06-09T20:23:16.352] [DEBUG] default - [39mReturning cached portals
[32m[2020-06-09T20:23:16.352] [INFO] default - [39mResponding with HTTP 200
[32m[2020-06-09T20:23:16.373] [INFO] default - [39mResponding with HTTP 200
[32m[2020-06-09T21:03:12.842] [INFO] default - [39mHandling GET /api/portals
[32m[2020-06-09T21:03:13.132] [INFO] default - [39mResponding with HTTP 200
[32m[2020-06-09T21:03:13.161] [INFO] default - [39mResponding with HTTP 200
[32m[2020-06-09T21:08:47.892] [INFO] default - [39mHandling GET /api/portals
[32m[2020-06-09T21:08:48.163] [INFO] default - [39mResponding with HTTP 200
[32m[2020-06-09T21:08:48.177] [INFO] default - [39mResponding with HTTP 200
[32m[2020-06-09T21:08:50.953] [INFO] default - [39mHandling GET /api/portals
[36m[2020-06-09T21:08:50.954] [DEBUG] default - [39mReturning cached portals
[32m[2020-06-09T21:08:50.954] [INFO] default - [39mResponding with HTTP 200
[32m[2020-06-09T21:08:50.967] [INFO] default - [39mResponding with HTTP 200
[32m[2020-06-09T21:11:34.961] [INFO] default - [39mHandling GET /api/portals
[32m[2020-06-09T21:11:35.227] [INFO] default - [39mResponding with HTTP 200
[32m[2020-06-09T21:11:35.241] [INFO] default - [39mResponding with HTTP 200
[32m[2020-06-09T21:11:49.630] [INFO] default - [39mHandling GET /api/portals
[36m[2020-06-09T21:11:49.630] [DEBUG] default - [39mReturning cached portals
[32m[2020-06-09T21:11:49.630] [INFO] default - [39mResponding with HTTP 200
[32m[2020-06-09T21:11:49.660] [INFO] default - [39mResponding with HTTP 200
[32m[2020-06-09T21:18:32.092] [INFO] default - [39mHandling GET /api/portals
[32m[2020-06-09T21:18:32.350] [INFO] default - [39mResponding with HTTP 200
[32m[2020-06-09T21:18:32.362] [INFO] default - [39mResponding with HTTP 200
[32m[2020-06-09T21:28:43.571] [INFO] default - [39mHandling GET /api/portals
[32m[2020-06-09T21:28:43.844] [INFO] default - [39mResponding with HTTP 200
[32m[2020-06-09T21:28:43.860] [INFO] default - [39mResponding with HTTP 200
[32m[2020-06-09T21:28:45.197] [INFO] default - [39mHandling GET /api/portals
[36m[2020-06-09T21:28:45.198] [DEBUG] default - [39mReturning cached portals
[32m[2020-06-09T21:28:45.198] [INFO] default - [39mResponding with HTTP 200
[32m[2020-06-09T21:28:45.224] [INFO] default - [39mResponding with HTTP 200
[32m[2020-06-09T21:28:45.306] [INFO] default - [39mHandling GET /api/portals
[36m[2020-06-09T21:28:45.308] [DEBUG] default - [39mReturning cached portals
[32m[2020-06-09T21:28:45.308] [INFO] default - [39mResponding with HTTP 200
[32m[2020-06-09T21:28:45.322] [INFO] default - [39mResponding with HTTP 200
[32m[2020-06-09T22:03:12.149] [INFO] default - [39mHandling GET /robots.txt
[32m[2020-06-09T22:03:15.738] [INFO] default - [39mHandling GET /
[32m[2020-06-09T22:03:20.903] [INFO] default - [39mHandling GET /
[32m[2020-06-09T22:18:13.359] [INFO] default - [39mHandling GET /api/portals
[32m[2020-06-09T22:18:13.632] [INFO] default - [39mResponding with HTTP 200
[32m[2020-06-09T22:18:13.647] [INFO] default - [39mResponding with HTTP 200
[32m[2020-06-09T22:18:13.865] [INFO] default - [39mHandling GET /api/portals
[36m[2020-06-09T22:18:13.867] [DEBUG] default - [39mReturning cached portals
[32m[2020-06-09T22:18:13.867] [INFO] default - [39mResponding with HTTP 200
[32m[2020-06-09T22:18:13.897] [INFO] default - [39mResponding with HTTP 200
[32m[2020-06-09T22:23:21.135] [INFO] default - [39mHandling GET /api/portals
[32m[2020-06-09T22:23:21.408] [INFO] default - [39mResponding with HTTP 200
[32m[2020-06-09T22:23:21.422] [INFO] default - [39mResponding with HTTP 200
[32m[2020-06-09T22:40:45.561] [INFO] default - [39mHandling GET /api/portals
[32m[2020-06-09T22:40:45.815] [INFO] default - [39mResponding with HTTP 200
[32m[2020-06-09T22:40:45.829] [INFO] default - [39mResponding with HTTP 200
[32m[2020-06-09T22:40:48.552] [INFO] default - [39mHandling GET /api/portals
[36m[2020-06-09T22:40:48.553] [DEBUG] default - [39mReturning cached portals
[32m[2020-06-09T22:40:48.553] [INFO] default - [39mResponding with HTTP 200
[32m[2020-06-09T22:40:48.566] [INFO] default - [39mResponding with HTTP 200
[32m[2020-06-09T22:40:55.893] [INFO] default - [39mHandling GET /api/portals
[36m[2020-06-09T22:40:55.893] [DEBUG] default - [39mReturning cached portals
[32m[2020-06-09T22:40:55.893] [INFO] default - [39mResponding with HTTP 200
[32m[2020-06-09T22:40:55.918] [INFO] default - [39mResponding with HTTP 200
[32m[2020-06-09T22:40:56.042] [INFO] default - [39mHandling GET /api/portals
[36m[2020-06-09T22:40:56.042] [DEBUG] default - [39mReturning cached portals
[32m[2020-06-09T22:40:56.042] [INFO] default - [39mResponding with HTTP 200
[32m[2020-06-09T22:40:56.055] [INFO] default - [39mResponding with HTTP 200
[32m[2020-06-09T22:41:06.753] [INFO] default - [39mHandling GET /api/portals
[36m[2020-06-09T22:41:06.754] [DEBUG] default - [39mReturning cached portals
[32m[2020-06-09T22:41:06.754] [INFO] default - [39mResponding with HTTP 200
[32m[2020-06-09T22:41:06.767] [INFO] default - [39mResponding with HTTP 200
[32m[2020-06-09T23:59:16.117] [INFO] default - [39mHandling GET /api/portals
[32m[2020-06-09T23:59:16.370] [INFO] default - [39mResponding with HTTP 200
[32m[2020-06-09T23:59:16.382] [INFO] default - [39mResponding with HTTP 200
[32m[2020-06-09T23:59:16.549] [INFO] default - [39mHandling GET /api/portals
[36m[2020-06-09T23:59:16.549] [DEBUG] default - [39mReturning cached portals
[32m[2020-06-09T23:59:16.550] [INFO] default - [39mResponding with HTTP 200
[32m[2020-06-09T23:59:16.563] [INFO] default - [39mResponding with HTTP 200
[32m[2020-06-09T23:59:18.146] [INFO] default - [39mHandling GET /api/portals
[36m[2020-06-09T23:59:18.146] [DEBUG] default - [39mReturning cached portals
[32m[2020-06-09T23:59:18.147] [INFO] default - [39mResponding with HTTP 200
[32m[2020-06-09T23:59:18.159] [INFO] default - [39mResponding with HTTP 200
[32m[2020-06-09T23:59:18.280] [INFO] default - [39mHandling GET /api/portals
[36m[2020-06-09T23:59:18.280] [DEBUG] default - [39mReturning cached portals
[32m[2020-06-09T23:59:18.281] [INFO] default - [39mResponding with HTTP 200
[32m[2020-06-09T23:59:18.304] [INFO] default - [39mResponding with HTTP 200
[32m[2020-06-10T00:25:40.899] [INFO] default - [39mHandling GET /api/portals
[32m[2020-06-10T00:25:41.169] [INFO] default - [39mResponding with HTTP 200
[32m[2020-06-10T00:25:41.183] [INFO] default - [39mResponding with HTTP 200
[32m[2020-06-10T00:25:41.397] [INFO] default - [39mHandling GET /api/portals
[36m[2020-06-10T00:25:41.399] [DEBUG] default - [39mReturning cached portals
[32m[2020-06-10T00:25:41.399] [INFO] default - [39mResponding with HTTP 200
[32m[2020-06-10T00:25:41.421] [INFO] default - [39mResponding with HTTP 200
[32m[2020-06-10T00:25:42.407] [INFO] default - [39mHandling GET /api/portals
[36m[2020-06-10T00:25:42.408] [DEBUG] default - [39mReturning cached portals
[32m[2020-06-10T00:25:42.408] [INFO] default - [39mResponding with HTTP 200
[32m[2020-06-10T00:25:42.433] [INFO] default - [39mResponding with HTTP 200
[32m[2020-06-10T00:25:42.569] [INFO] default - [39mHandling GET /api/portals
[36m[2020-06-10T00:25:42.570] [DEBUG] default - [39mReturning cached portals
[32m[2020-06-10T00:25:42.570] [INFO] default - [39mResponding with HTTP 200
[32m[2020-06-10T00:25:42.584] [INFO] default - [39mResponding with HTTP 200
[32m[2020-06-10T00:27:28.128] [INFO] default - [39mHandling GET /api/portals
[32m[2020-06-10T00:27:28.398] [INFO] default - [39mResponding with HTTP 200
[32m[2020-06-10T00:27:28.414] [INFO] default - [39mResponding with HTTP 200
[32m[2020-06-10T00:30:46.286] [INFO] default - [39mHandling GET /api/portals
[32m[2020-06-10T00:30:46.549] [INFO] default - [39mResponding with HTTP 200
[32m[2020-06-10T00:30:46.563] [INFO] default - [39mResponding with HTTP 200
[32m[2020-06-10T00:34:26.748] [INFO] default - [39mHandling GET /api/portals
[32m[2020-06-10T00:34:27.007] [INFO] default - [39mResponding with HTTP 200
[32m[2020-06-10T00:34:27.034] [INFO] default - [39mResponding with HTTP 200
[32m[2020-06-10T00:56:01.233] [INFO] default - [39mHandling GET /api/portals
[32m[2020-06-10T00:56:01.490] [INFO] default - [39mResponding with HTTP 200
[32m[2020-06-10T00:56:01.503] [INFO] default - [39mResponding with HTTP 200
[32m[2020-06-10T00:56:04.193] [INFO] default - [39mHandling GET /api/portals
[36m[2020-06-10T00:56:04.193] [DEBUG] default - [39mReturning cached portals
[32m[2020-06-10T00:56:04.194] [INFO] default - [39mResponding with HTTP 200
[32m[2020-06-10T00:56:04.206] [INFO] default - [39mResponding with HTTP 200
[32m[2020-06-10T01:34:12.851] [INFO] default - [39mHandling GET /api/portals
[32m[2020-06-10T01:34:13.107] [INFO] default - [39mResponding with HTTP 200
[32m[2020-06-10T01:34:13.124] [INFO] default - [39mResponding with HTTP 200
[32m[2020-06-10T01:34:13.245] [INFO] default - [39mHandling GET /api/portals
[36m[2020-06-10T01:34:13.245] [DEBUG] default - [39mReturning cached portals
[32m[2020-06-10T01:34:13.245] [INFO] default - [39mResponding with HTTP 200
[32m[2020-06-10T01:34:13.277] [INFO] default - [39mResponding with HTTP 200
[32m[2020-06-10T01:34:21.353] [INFO] default - [39mHandling GET /robots.txt
[32m[2020-06-10T01:34:22.101] [INFO] default - [39mHandling GET /robots.txt
[32m[2020-06-10T01:34:52.073] [INFO] default - [39mHandling GET /api/portals
[36m[2020-06-10T01:34:52.074] [DEBUG] default - [39mReturning cached portals
[32m[2020-06-10T01:34:52.074] [INFO] default - [39mResponding with HTTP 200
[32m[2020-06-10T01:34:52.117] [INFO] default - [39mResponding with HTTP 200
[32m[2020-06-10T02:04:56.348] [INFO] default - [39mHandling GET /api/portals
[32m[2020-06-10T02:04:56.610] [INFO] default - [39mResponding with HTTP 200
[32m[2020-06-10T02:04:56.625] [INFO] default - [39mResponding with HTTP 200
[32m[2020-06-10T02:40:00.779] [INFO] default - [39mHandling GET /api/portals
[32m[2020-06-10T02:40:01.046] [INFO] default - [39mResponding with HTTP 200
[32m[2020-06-10T02:40:01.059] [INFO] default - [39mResponding with HTTP 200
[32m[2020-06-10T04:23:33.811] [INFO] default - [39mHandling GET /api/portals
[32m[2020-06-10T04:23:34.075] [INFO] default - [39mResponding with HTTP 200
[32m[2020-06-10T04:23:34.090] [INFO] default - [39mResponding with HTTP 200
[32m[2020-06-10T05:06:55.792] [INFO] default - [39mHandling GET /api/portals
[32m[2020-06-10T05:06:56.058] [INFO] default - [39mResponding with HTTP 200
[32m[2020-06-10T05:06:56.073] [INFO] default - [39mResponding with HTTP 200
[32m[2020-06-10T05:23:41.700] [INFO] default - [39mHandling GET /api/portals
[32m[2020-06-10T05:23:41.960] [INFO] default - [39mResponding with HTTP 200
[32m[2020-06-10T05:23:41.975] [INFO] default - [39mResponding with HTTP 200
[32m[2020-06-10T05:23:45.765] [INFO] default - [39mHandling GET /api/portals
[36m[2020-06-10T05:23:45.766] [DEBUG] default - [39mReturning cached portals
[32m[2020-06-10T05:23:45.766] [INFO] default - [39mResponding with HTTP 200
[32m[2020-06-10T05:23:45.793] [INFO] default - [39mResponding with HTTP 200
[32m[2020-06-10T05:26:57.523] [INFO] default - [39mHandling GET /api/portals
[32m[2020-06-10T05:26:57.786] [INFO] default - [39mResponding with HTTP 200
[32m[2020-06-10T05:26:57.816] [INFO] default - [39mResponding with HTTP 200
[32m[2020-06-10T05:27:14.468] [INFO] default - [39mHandling GET /api/portals
[36m[2020-06-10T05:27:14.468] [DEBUG] default - [39mReturning cached portals
[32m[2020-06-10T05:27:14.469] [INFO] default - [39mResponding with HTTP 200
[32m[2020-06-10T05:27:14.483] [INFO] default - [39mResponding with HTTP 200
[32m[2020-06-10T05:27:14.571] [INFO] default - [39mHandling GET /api/portals
[36m[2020-06-10T05:27:14.572] [DEBUG] default - [39mReturning cached portals
[32m[2020-06-10T05:27:14.572] [INFO] default - [39mResponding with HTTP 200
[32m[2020-06-10T05:27:14.596] [INFO] default - [39mResponding with HTTP 200
[32m[2020-06-10T05:27:31.401] [INFO] default - [39mHandling GET /api/portals
[36m[2020-06-10T05:27:31.402] [DEBUG] default - [39mReturning cached portals
[32m[2020-06-10T05:27:31.402] [INFO] default - [39mResponding with HTTP 200
[32m[2020-06-10T05:27:31.427] [INFO] default - [39mResponding with HTTP 200
[32m[2020-06-10T05:27:31.506] [INFO] default - [39mHandling GET /api/portals
[36m[2020-06-10T05:27:31.507] [DEBUG] default - [39mReturning cached portals
[32m[2020-06-10T05:27:31.508] [INFO] default - [39mResponding with HTTP 200
[32m[2020-06-10T05:27:31.545] [INFO] default - [39mResponding with HTTP 200
[32m[2020-06-10T05:27:43.077] [INFO] default - [39mHandling GET /api/portals
[36m[2020-06-10T05:27:43.077] [DEBUG] default - [39mReturning cached portals
[32m[2020-06-10T05:27:43.077] [INFO] default - [39mResponding with HTTP 200
[32m[2020-06-10T05:27:43.092] [INFO] default - [39mResponding with HTTP 200
[32m[2020-06-10T05:27:43.147] [INFO] default - [39mHandling GET /api/portals
[36m[2020-06-10T05:27:43.148] [DEBUG] default - [39mReturning cached portals
[32m[2020-06-10T05:27:43.148] [INFO] default - [39mResponding with HTTP 200
[32m[2020-06-10T05:27:43.162] [INFO] default - [39mResponding with HTTP 200
[32m[2020-06-10T05:27:57.822] [INFO] default - [39mHandling GET /api/portals
[32m[2020-06-10T05:27:58.093] [INFO] default - [39mResponding with HTTP 200
[32m[2020-06-10T05:27:58.118] [INFO] default - [39mResponding with HTTP 200
[32m[2020-06-10T05:27:58.189] [INFO] default - [39mHandling GET /api/portals
[36m[2020-06-10T05:27:58.190] [DEBUG] default - [39mReturning cached portals
[32m[2020-06-10T05:27:58.190] [INFO] default - [39mResponding with HTTP 200
[32m[2020-06-10T05:27:58.202] [INFO] default - [39mResponding with HTTP 200
[32m[2020-06-10T05:28:14.123] [INFO] default - [39mHandling GET /api/portals
[36m[2020-06-10T05:28:14.123] [DEBUG] default - [39mReturning cached portals
[32m[2020-06-10T05:28:14.124] [INFO] default - [39mResponding with HTTP 200
[32m[2020-06-10T05:28:14.137] [INFO] default - [39mResponding with HTTP 200
[32m[2020-06-10T05:28:14.201] [INFO] default - [39mHandling GET /api/portals
[36m[2020-06-10T05:28:14.202] [DEBUG] default - [39mReturning cached portals
[32m[2020-06-10T05:28:14.203] [INFO] default - [39mResponding with HTTP 200
[32m[2020-06-10T05:28:14.216] [INFO] default - [39mResponding with HTTP 200
[32m[2020-06-10T05:28:27.098] [INFO] default - [39mHandling GET /api/portals
[36m[2020-06-10T05:28:27.099] [DEBUG] default - [39mReturning cached portals
[32m[2020-06-10T05:28:27.099] [INFO] default - [39mResponding with HTTP 200
[32m[2020-06-10T05:28:27.113] [INFO] default - [39mResponding with HTTP 200
[32m[2020-06-10T05:28:27.299] [INFO] default - [39mHandling GET /api/portals
[36m[2020-06-10T05:28:27.299] [DEBUG] default - [39mReturning cached portals
[32m[2020-06-10T05:28:27.300] [INFO] default - [39mResponding with HTTP 200
[32m[2020-06-10T05:28:27.339] [INFO] default - [39mResponding with HTTP 200
[32m[2020-06-10T05:44:15.291] [INFO] default - [39mHandling GET /api/portals
[32m[2020-06-10T05:44:15.552] [INFO] default - [39mResponding with HTTP 200
[32m[2020-06-10T05:44:15.566] [INFO] default - [39mResponding with HTTP 200
[32m[2020-06-10T05:44:18.886] [INFO] default - [39mHandling GET /api/portals
[36m[2020-06-10T05:44:18.887] [DEBUG] default - [39mReturning cached portals
[32m[2020-06-10T05:44:18.887] [INFO] default - [39mResponding with HTTP 200
[32m[2020-06-10T05:44:18.900] [INFO] default - [39mResponding with HTTP 200
[32m[2020-06-10T05:44:18.950] [INFO] default - [39mHandling GET /api/portals
[36m[2020-06-10T05:44:18.950] [DEBUG] default - [39mReturning cached portals
[32m[2020-06-10T05:44:18.951] [INFO] default - [39mResponding with HTTP 200
[32m[2020-06-10T05:44:18.964] [INFO] default - [39mResponding with HTTP 200
[32m[2020-06-10T05:52:34.558] [INFO] default - [39mHandling GET /api/portals
[32m[2020-06-10T05:52:34.823] [INFO] default - [39mResponding with HTTP 200
[32m[2020-06-10T05:52:34.836] [INFO] default - [39mResponding with HTTP 200
[32m[2020-06-10T06:02:50.466] [INFO] default - [39mHandling GET /api/portals
[32m[2020-06-10T06:02:50.734] [INFO] default - [39mResponding with HTTP 200
[32m[2020-06-10T06:02:50.767] [INFO] default - [39mResponding with HTTP 200
[32m[2020-06-10T06:11:33.378] [INFO] default - [39mHandling GET /api/portals
[32m[2020-06-10T06:11:33.650] [INFO] default - [39mResponding with HTTP 200
[32m[2020-06-10T06:11:33.665] [INFO] default - [39mResponding with HTTP 200
[32m[2020-06-10T06:12:10.002] [INFO] default - [39mHandling GET /api/portals
[36m[2020-06-10T06:12:10.003] [DEBUG] default - [39mReturning cached portals
[32m[2020-06-10T06:12:10.004] [INFO] default - [39mResponding with HTTP 200
[32m[2020-06-10T06:12:10.018] [INFO] default - [39mResponding with HTTP 200
[32m[2020-06-10T07:15:31.666] [INFO] default - [39mHandling GET /api/portals
[32m[2020-06-10T07:15:31.926] [INFO] default - [39mResponding with HTTP 200
[32m[2020-06-10T07:15:31.940] [INFO] default - [39mResponding with HTTP 200
[32m[2020-06-10T07:15:35.288] [INFO] default - [39mHandling GET /api/portals
[36m[2020-06-10T07:15:35.289] [DEBUG] default - [39mReturning cached portals
[32m[2020-06-10T07:15:35.289] [INFO] default - [39mResponding with HTTP 200
[32m[2020-06-10T07:15:35.320] [INFO] default - [39mResponding with HTTP 200
[32m[2020-06-10T07:15:35.387] [INFO] default - [39mHandling GET /api/portals
[36m[2020-06-10T07:15:35.388] [DEBUG] default - [39mReturning cached portals
[32m[2020-06-10T07:15:35.388] [INFO] default - [39mResponding with HTTP 200
[32m[2020-06-10T07:15:35.401] [INFO] default - [39mResponding with HTTP 200
[32m[2020-06-10T07:15:44.914] [INFO] default - [39mHandling GET /robots.txt
[32m[2020-06-10T07:15:45.996] [INFO] default - [39mHandling GET /api/portals
[36m[2020-06-10T07:15:45.996] [DEBUG] default - [39mReturning cached portals
[32m[2020-06-10T07:15:45.996] [INFO] default - [39mResponding with HTTP 200
[32m[2020-06-10T07:15:46.011] [INFO] default - [39mResponding with HTTP 200
[32m[2020-06-10T08:46:13.154] [INFO] default - [39mHandling GET /api/portals
[32m[2020-06-10T08:46:13.420] [INFO] default - [39mResponding with HTTP 200
[32m[2020-06-10T08:46:13.447] [INFO] default - [39mResponding with HTTP 200
[32m[2020-06-10T09:58:50.790] [INFO] default - [39mHandling GET /api/portals
[32m[2020-06-10T09:58:51.051] [INFO] default - [39mResponding with HTTP 200
[32m[2020-06-10T09:58:51.067] [INFO] default - [39mResponding with HTTP 200
[32m[2020-06-10T10:25:56.514] [INFO] default - [39mHandling GET /api/portals
[32m[2020-06-10T10:25:56.777] [INFO] default - [39mResponding with HTTP 200
[32m[2020-06-10T10:25:56.802] [INFO] default - [39mResponding with HTTP 200
[32m[2020-06-10T10:25:57.894] [INFO] default - [39mHandling GET /api/portals
[36m[2020-06-10T10:25:57.895] [DEBUG] default - [39mReturning cached portals
[32m[2020-06-10T10:25:57.895] [INFO] default - [39mResponding with HTTP 200
[32m[2020-06-10T10:25:57.924] [INFO] default - [39mResponding with HTTP 200
[32m[2020-06-10T10:25:58.034] [INFO] default - [39mHandling GET /api/portals
[36m[2020-06-10T10:25:58.034] [DEBUG] default - [39mReturning cached portals
[32m[2020-06-10T10:25:58.034] [INFO] default - [39mResponding with HTTP 200
[32m[2020-06-10T10:25:58.049] [INFO] default - [39mResponding with HTTP 200
[32m[2020-06-10T10:58:49.825] [INFO] default - [39mHandling GET /api/portals
[32m[2020-06-10T10:58:50.091] [INFO] default - [39mResponding with HTTP 200
[32m[2020-06-10T10:58:50.115] [INFO] default - [39mResponding with HTTP 200
[32m[2020-06-10T11:02:55.140] [INFO] default - [39mHandling GET /api/portals
[32m[2020-06-10T11:02:55.409] [INFO] default - [39mResponding with HTTP 200
[32m[2020-06-10T11:02:55.435] [INFO] default - [39mResponding with HTTP 200
[32m[2020-06-10T11:02:57.227] [INFO] default - [39mHandling GET /api/portals
[36m[2020-06-10T11:02:57.227] [DEBUG] default - [39mReturning cached portals
[32m[2020-06-10T11:02:57.227] [INFO] default - [39mResponding with HTTP 200
[32m[2020-06-10T11:02:57.241] [INFO] default - [39mResponding with HTTP 200
[32m[2020-06-10T11:02:57.290] [INFO] default - [39mHandling GET /api/portals
[36m[2020-06-10T11:02:57.292] [DEBUG] default - [39mReturning cached portals
[32m[2020-06-10T11:02:57.292] [INFO] default - [39mResponding with HTTP 200
[32m[2020-06-10T11:02:57.305] [INFO] default - [39mResponding with HTTP 200
[32m[2020-06-10T11:03:07.299] [INFO] default - [39mHandling GET /api/portals
[36m[2020-06-10T11:03:07.299] [DEBUG] default - [39mReturning cached portals
[32m[2020-06-10T11:03:07.299] [INFO] default - [39mResponding with HTTP 200
[32m[2020-06-10T11:03:07.310] [INFO] default - [39mResponding with HTTP 200
[32m[2020-06-10T11:03:07.385] [INFO] default - [39mHandling GET /api/portals
[36m[2020-06-10T11:03:07.386] [DEBUG] default - [39mReturning cached portals
[32m[2020-06-10T11:03:07.386] [INFO] default - [39mResponding with HTTP 200
[32m[2020-06-10T11:03:07.411] [INFO] default - [39mResponding with HTTP 200
[32m[2020-06-10T11:03:12.213] [INFO] default - [39mHandling GET /api/portals
[36m[2020-06-10T11:03:12.213] [DEBUG] default - [39mReturning cached portals
[32m[2020-06-10T11:03:12.213] [INFO] default - [39mResponding with HTTP 200
[32m[2020-06-10T11:03:12.239] [INFO] default - [39mResponding with HTTP 200
[32m[2020-06-10T11:03:12.307] [INFO] default - [39mHandling GET /api/portals
[36m[2020-06-10T11:03:12.308] [DEBUG] default - [39mReturning cached portals
[32m[2020-06-10T11:03:12.309] [INFO] default - [39mResponding with HTTP 200
[32m[2020-06-10T11:03:12.323] [INFO] default - [39mResponding with HTTP 200
[32m[2020-06-10T11:03:14.219] [INFO] default - [39mHandling GET /api/portals
[36m[2020-06-10T11:03:14.220] [DEBUG] default - [39mReturning cached portals
[32m[2020-06-10T11:03:14.220] [INFO] default - [39mResponding with HTTP 200
[32m[2020-06-10T11:03:14.231] [INFO] default - [39mResponding with HTTP 200
[32m[2020-06-10T11:03:14.296] [INFO] default - [39mHandling GET /api/portals
[36m[2020-06-10T11:03:14.297] [DEBUG] default - [39mReturning cached portals
[32m[2020-06-10T11:03:14.297] [INFO] default - [39mResponding with HTTP 200
[32m[2020-06-10T11:03:14.307] [INFO] default - [39mResponding with HTTP 200
[32m[2020-06-10T11:03:16.214] [INFO] default - [39mHandling GET /api/portals
[36m[2020-06-10T11:03:16.214] [DEBUG] default - [39mReturning cached portals
[32m[2020-06-10T11:03:16.214] [INFO] default - [39mResponding with HTTP 200
[32m[2020-06-10T11:03:16.224] [INFO] default - [39mResponding with HTTP 200
[32m[2020-06-10T11:03:16.281] [INFO] default - [39mHandling GET /api/portals
[36m[2020-06-10T11:03:16.282] [DEBUG] default - [39mReturning cached portals
[32m[2020-06-10T11:03:16.282] [INFO] default - [39mResponding with HTTP 200
[32m[2020-06-10T11:03:16.290] [INFO] default - [39mResponding with HTTP 200
[32m[2020-06-10T11:03:18.186] [INFO] default - [39mHandling GET /api/portals
[36m[2020-06-10T11:03:18.187] [DEBUG] default - [39mReturning cached portals
[32m[2020-06-10T11:03:18.187] [INFO] default - [39mResponding with HTTP 200
[32m[2020-06-10T11:03:18.195] [INFO] default - [39mResponding with HTTP 200
[32m[2020-06-10T11:03:18.242] [INFO] default - [39mHandling GET /api/portals
[36m[2020-06-10T11:03:18.242] [DEBUG] default - [39mReturning cached portals
[32m[2020-06-10T11:03:18.243] [INFO] default - [39mResponding with HTTP 200
[32m[2020-06-10T11:03:18.252] [INFO] default - [39mResponding with HTTP 200
[32m[2020-06-10T11:03:20.233] [INFO] default - [39mHandling GET /api/portals
[36m[2020-06-10T11:03:20.233] [DEBUG] default - [39mReturning cached portals
[32m[2020-06-10T11:03:20.233] [INFO] default - [39mResponding with HTTP 200
[32m[2020-06-10T11:03:20.241] [INFO] default - [39mResponding with HTTP 200
[32m[2020-06-10T11:03:20.306] [INFO] default - [39mHandling GET /api/portals
[36m[2020-06-10T11:03:20.306] [DEBUG] default - [39mReturning cached portals
[32m[2020-06-10T11:03:20.307] [INFO] default - [39mResponding with HTTP 200
[32m[2020-06-10T11:03:20.314] [INFO] default - [39mResponding with HTTP 200
[32m[2020-06-10T11:03:22.195] [INFO] default - [39mHandling GET /api/portals
[36m[2020-06-10T11:03:22.196] [DEBUG] default - [39mReturning cached portals
[32m[2020-06-10T11:03:22.196] [INFO] default - [39mResponding with HTTP 200
[32m[2020-06-10T11:03:22.203] [INFO] default - [39mResponding with HTTP 200
[32m[2020-06-10T11:03:22.249] [INFO] default - [39mHandling GET /api/portals
[36m[2020-06-10T11:03:22.249] [DEBUG] default - [39mReturning cached portals
[32m[2020-06-10T11:03:22.249] [INFO] default - [39mResponding with HTTP 200
[32m[2020-06-10T11:03:22.257] [INFO] default - [39mResponding with HTTP 200
[32m[2020-06-10T11:03:24.148] [INFO] default - [39mHandling GET /api/portals
[36m[2020-06-10T11:03:24.148] [DEBUG] default - [39mReturning cached portals
[32m[2020-06-10T11:03:24.149] [INFO] default - [39mResponding with HTTP 200
[32m[2020-06-10T11:03:24.156] [INFO] default - [39mResponding with HTTP 200
[32m[2020-06-10T11:03:24.215] [INFO] default - [39mHandling GET /api/portals
[36m[2020-06-10T11:03:24.215] [DEBUG] default - [39mReturning cached portals
[32m[2020-06-10T11:03:24.216] [INFO] default - [39mResponding with HTTP 200
[32m[2020-06-10T11:03:24.223] [INFO] default - [39mResponding with HTTP 200
[32m[2020-06-10T11:03:26.993] [INFO] default - [39mHandling GET /api/portals
[36m[2020-06-10T11:03:26.995] [DEBUG] default - [39mReturning cached portals
[32m[2020-06-10T11:03:26.995] [INFO] default - [39mResponding with HTTP 200
[32m[2020-06-10T11:03:27.004] [INFO] default - [39mResponding with HTTP 200
[32m[2020-06-10T11:03:27.045] [INFO] default - [39mHandling GET /api/portals
[36m[2020-06-10T11:03:27.045] [DEBUG] default - [39mReturning cached portals
[32m[2020-06-10T11:03:27.046] [INFO] default - [39mResponding with HTTP 200
[32m[2020-06-10T11:03:27.054] [INFO] default - [39mResponding with HTTP 200
[32m[2020-06-10T11:03:28.947] [INFO] default - [39mHandling GET /api/portals
[36m[2020-06-10T11:03:28.948] [DEBUG] default - [39mReturning cached portals
[32m[2020-06-10T11:03:28.948] [INFO] default - [39mResponding with HTTP 200
[32m[2020-06-10T11:03:28.955] [INFO] default - [39mResponding with HTTP 200
[32m[2020-06-10T11:03:29.015] [INFO] default - [39mHandling GET /api/portals
[36m[2020-06-10T11:03:29.015] [DEBUG] default - [39mReturning cached portals
[32m[2020-06-10T11:03:29.016] [INFO] default - [39mResponding with HTTP 200
[32m[2020-06-10T11:03:29.023] [INFO] default - [39mResponding with HTTP 200
[32m[2020-06-10T11:03:30.918] [INFO] default - [39mHandling GET /api/portals
[36m[2020-06-10T11:03:30.918] [DEBUG] default - [39mReturning cached portals
[32m[2020-06-10T11:03:30.919] [INFO] default - [39mResponding with HTTP 200
[32m[2020-06-10T11:03:30.926] [INFO] default - [39mResponding with HTTP 200
[32m[2020-06-10T11:03:31.019] [INFO] default - [39mHandling GET /api/portals
[36m[2020-06-10T11:03:31.019] [DEBUG] default - [39mReturning cached portals
[32m[2020-06-10T11:03:31.019] [INFO] default - [39mResponding with HTTP 200
[32m[2020-06-10T11:03:31.040] [INFO] default - [39mResponding with HTTP 200
[32m[2020-06-10T11:03:32.966] [INFO] default - [39mHandling GET /api/portals
[36m[2020-06-10T11:03:32.966] [DEBUG] default - [39mReturning cached portals
[32m[2020-06-10T11:03:32.966] [INFO] default - [39mResponding with HTTP 200
[32m[2020-06-10T11:03:32.983] [INFO] default - [39mResponding with HTTP 200
[32m[2020-06-10T11:03:33.039] [INFO] default - [39mHandling GET /api/portals
[36m[2020-06-10T11:03:33.040] [DEBUG] default - [39mReturning cached portals
[32m[2020-06-10T11:03:33.040] [INFO] default - [39mResponding with HTTP 200
[32m[2020-06-10T11:03:33.054] [INFO] default - [39mResponding with HTTP 200
[32m[2020-06-10T11:03:34.971] [INFO] default - [39mHandling GET /api/portals
[36m[2020-06-10T11:03:34.972] [DEBUG] default - [39mReturning cached portals
[32m[2020-06-10T11:03:34.972] [INFO] default - [39mResponding with HTTP 200
[32m[2020-06-10T11:03:35.000] [INFO] default - [39mResponding with HTTP 200
[32m[2020-06-10T11:03:35.079] [INFO] default - [39mHandling GET /api/portals
[36m[2020-06-10T11:03:35.081] [DEBUG] default - [39mReturning cached portals
[32m[2020-06-10T11:03:35.081] [INFO] default - [39mResponding with HTTP 200
[32m[2020-06-10T11:03:35.091] [INFO] default - [39mResponding with HTTP 200
[32m[2020-06-10T11:03:36.992] [INFO] default - [39mHandling GET /api/portals
[36m[2020-06-10T11:03:36.992] [DEBUG] default - [39mReturning cached portals
[32m[2020-06-10T11:03:36.993] [INFO] default - [39mResponding with HTTP 200
[32m[2020-06-10T11:03:37.003] [INFO] default - [39mResponding with HTTP 200
[32m[2020-06-10T11:03:37.046] [INFO] default - [39mHandling GET /api/portals
[36m[2020-06-10T11:03:37.047] [DEBUG] default - [39mReturning cached portals
[32m[2020-06-10T11:03:37.047] [INFO] default - [39mResponding with HTTP 200
[32m[2020-06-10T11:03:37.056] [INFO] default - [39mResponding with HTTP 200
[32m[2020-06-10T11:04:19.529] [INFO] default - [39mHandling GET /api/portals
[32m[2020-06-10T11:04:19.781] [INFO] default - [39mResponding with HTTP 200
[32m[2020-06-10T11:04:19.812] [INFO] default - [39mResponding with HTTP 200
[32m[2020-06-10T11:04:19.885] [INFO] default - [39mHandling GET /api/portals
[36m[2020-06-10T11:04:19.886] [DEBUG] default - [39mReturning cached portals
[32m[2020-06-10T11:04:19.886] [INFO] default - [39mResponding with HTTP 200
[32m[2020-06-10T11:04:19.900] [INFO] default - [39mResponding with HTTP 200
[32m[2020-06-10T11:04:21.812] [INFO] default - [39mHandling GET /api/portals
[36m[2020-06-10T11:04:21.813] [DEBUG] default - [39mReturning cached portals
[32m[2020-06-10T11:04:21.813] [INFO] default - [39mResponding with HTTP 200
[32m[2020-06-10T11:04:21.826] [INFO] default - [39mResponding with HTTP 200
[32m[2020-06-10T11:04:21.923] [INFO] default - [39mHandling GET /api/portals
[36m[2020-06-10T11:04:21.924] [DEBUG] default - [39mReturning cached portals
[32m[2020-06-10T11:04:21.924] [INFO] default - [39mResponding with HTTP 200
[32m[2020-06-10T11:04:21.966] [INFO] default - [39mResponding with HTTP 200
[32m[2020-06-10T11:04:23.870] [INFO] default - [39mHandling GET /api/portals
[36m[2020-06-10T11:04:23.870] [DEBUG] default - [39mReturning cached portals
[32m[2020-06-10T11:04:23.870] [INFO] default - [39mResponding with HTTP 200
[32m[2020-06-10T11:04:23.881] [INFO] default - [39mResponding with HTTP 200
[32m[2020-06-10T11:04:23.928] [INFO] default - [39mHandling GET /api/portals
[36m[2020-06-10T11:04:23.928] [DEBUG] default - [39mReturning cached portals
[32m[2020-06-10T11:04:23.928] [INFO] default - [39mResponding with HTTP 200
[32m[2020-06-10T11:04:23.939] [INFO] default - [39mResponding with HTTP 200
[32m[2020-06-10T11:04:25.842] [INFO] default - [39mHandling GET /api/portals
[36m[2020-06-10T11:04:25.842] [DEBUG] default - [39mReturning cached portals
[32m[2020-06-10T11:04:25.843] [INFO] default - [39mResponding with HTTP 200
[32m[2020-06-10T11:04:25.854] [INFO] default - [39mResponding with HTTP 200
[32m[2020-06-10T11:04:25.906] [INFO] default - [39mHandling GET /api/portals
[36m[2020-06-10T11:04:25.906] [DEBUG] default - [39mReturning cached portals
[32m[2020-06-10T11:04:25.907] [INFO] default - [39mResponding with HTTP 200
[32m[2020-06-10T11:04:25.915] [INFO] default - [39mResponding with HTTP 200
[32m[2020-06-10T11:04:27.836] [INFO] default - [39mHandling GET /api/portals
[36m[2020-06-10T11:04:27.837] [DEBUG] default - [39mReturning cached portals
[32m[2020-06-10T11:04:27.837] [INFO] default - [39mResponding with HTTP 200
[32m[2020-06-10T11:04:27.844] [INFO] default - [39mResponding with HTTP 200
[32m[2020-06-10T11:04:27.930] [INFO] default - [39mHandling GET /api/portals
[36m[2020-06-10T11:04:27.930] [DEBUG] default - [39mReturning cached portals
[32m[2020-06-10T11:04:27.931] [INFO] default - [39mResponding with HTTP 200
[32m[2020-06-10T11:04:27.955] [INFO] default - [39mResponding with HTTP 200
[32m[2020-06-10T11:07:20.341] [INFO] default - [39mHandling GET /api/portals
[32m[2020-06-10T11:07:20.609] [INFO] default - [39mResponding with HTTP 200
[32m[2020-06-10T11:07:20.623] [INFO] default - [39mResponding with HTTP 200
[32m[2020-06-10T11:12:58.661] [INFO] default - [39mHandling GET /api/portals
[32m[2020-06-10T11:12:58.918] [INFO] default - [39mResponding with HTTP 200
[32m[2020-06-10T11:12:58.931] [INFO] default - [39mResponding with HTTP 200
[32m[2020-06-10T12:10:34.016] [INFO] default - [39mHandling GET /api/portals
[32m[2020-06-10T12:10:34.286] [INFO] default - [39mResponding with HTTP 200
[32m[2020-06-10T12:10:34.298] [INFO] default - [39mResponding with HTTP 200
[32m[2020-06-10T12:29:56.701] [INFO] default - [39mHandling GET /api/portals
[32m[2020-06-10T12:29:56.960] [INFO] default - [39mResponding with HTTP 200
[32m[2020-06-10T12:29:56.974] [INFO] default - [39mResponding with HTTP 200
[32m[2020-06-10T12:33:07.598] [INFO] default - [39mHandling GET /api/portals
[32m[2020-06-10T12:33:07.870] [INFO] default - [39mResponding with HTTP 200
[32m[2020-06-10T12:33:07.885] [INFO] default - [39mResponding with HTTP 200
[32m[2020-06-10T12:33:07.962] [INFO] default - [39mHandling GET /api/portals
[36m[2020-06-10T12:33:07.962] [DEBUG] default - [39mReturning cached portals
[32m[2020-06-10T12:33:07.962] [INFO] default - [39mResponding with HTTP 200
[32m[2020-06-10T12:33:07.976] [INFO] default - [39mResponding with HTTP 200
[32m[2020-06-10T12:33:11.729] [INFO] default - [39mHandling GET /api/portals
[36m[2020-06-10T12:33:11.729] [DEBUG] default - [39mReturning cached portals
[32m[2020-06-10T12:33:11.730] [INFO] default - [39mResponding with HTTP 200
[32m[2020-06-10T12:33:11.743] [INFO] default - [39mResponding with HTTP 200
[32m[2020-06-10T12:33:12.044] [INFO] default - [39mHandling GET /api/portals
[36m[2020-06-10T12:33:12.046] [DEBUG] default - [39mReturning cached portals
[32m[2020-06-10T12:33:12.046] [INFO] default - [39mResponding with HTTP 200
[32m[2020-06-10T12:33:12.072] [INFO] default - [39mResponding with HTTP 200
[32m[2020-06-10T12:38:07.849] [INFO] default - [39mHandling GET /
[32m[2020-06-10T12:39:20.121] [INFO] default - [39mHandling GET /api/portals
[32m[2020-06-10T12:39:20.386] [INFO] default - [39mResponding with HTTP 200
[32m[2020-06-10T12:39:20.399] [INFO] default - [39mResponding with HTTP 200
[32m[2020-06-10T12:53:53.146] [INFO] default - [39mHandling GET /api/portals
[32m[2020-06-10T12:53:53.417] [INFO] default - [39mResponding with HTTP 200
[32m[2020-06-10T12:53:53.439] [INFO] default - [39mResponding with HTTP 200
[32m[2020-06-10T12:53:54.102] [INFO] default - [39mHandling GET /api/portals
[36m[2020-06-10T12:53:54.104] [DEBUG] default - [39mReturning cached portals
[32m[2020-06-10T12:53:54.104] [INFO] default - [39mResponding with HTTP 200
[32m[2020-06-10T12:53:54.117] [INFO] default - [39mResponding with HTTP 200
[32m[2020-06-10T12:53:54.955] [INFO] default - [39mHandling GET /api/portals
[36m[2020-06-10T12:53:54.956] [DEBUG] default - [39mReturning cached portals
[32m[2020-06-10T12:53:54.956] [INFO] default - [39mResponding with HTTP 200
[32m[2020-06-10T12:53:54.983] [INFO] default - [39mResponding with HTTP 200
[32m[2020-06-10T12:53:55.923] [INFO] default - [39mHandling GET /api/portals
[36m[2020-06-10T12:53:55.924] [DEBUG] default - [39mReturning cached portals
[32m[2020-06-10T12:53:55.925] [INFO] default - [39mResponding with HTTP 200
[32m[2020-06-10T12:53:55.938] [INFO] default - [39mResponding with HTTP 200
[32m[2020-06-10T13:54:43.881] [INFO] default - [39mHandling GET /api/portals
[32m[2020-06-10T13:54:44.148] [INFO] default - [39mResponding with HTTP 200
[32m[2020-06-10T13:54:44.162] [INFO] default - [39mResponding with HTTP 200
[32m[2020-06-10T14:13:38.311] [INFO] default - [39mHandling GET /api/portals
[32m[2020-06-10T14:13:38.575] [INFO] default - [39mResponding with HTTP 200
[32m[2020-06-10T14:13:38.602] [INFO] default - [39mResponding with HTTP 200
[32m[2020-06-10T14:31:25.444] [INFO] default - [39mHandling GET /api/portals
[32m[2020-06-10T14:31:25.714] [INFO] default - [39mResponding with HTTP 200
[32m[2020-06-10T14:31:25.729] [INFO] default - [39mResponding with HTTP 200
[32m[2020-06-10T14:47:06.270] [INFO] default - [39mHandling GET /api/portals
[32m[2020-06-10T14:47:06.540] [INFO] default - [39mResponding with HTTP 200
[32m[2020-06-10T14:47:06.552] [INFO] default - [39mResponding with HTTP 200
[32m[2020-06-10T15:02:28.189] [INFO] default - [39mHandling GET /api/portals
[32m[2020-06-10T15:02:28.458] [INFO] default - [39mResponding with HTTP 200
[32m[2020-06-10T15:02:28.488] [INFO] default - [39mResponding with HTTP 200
[32m[2020-06-10T15:02:31.058] [INFO] default - [39mHandling GET /api/portals
[36m[2020-06-10T15:02:31.059] [DEBUG] default - [39mReturning cached portals
[32m[2020-06-10T15:02:31.059] [INFO] default - [39mResponding with HTTP 200
[32m[2020-06-10T15:02:31.074] [INFO] default - [39mResponding with HTTP 200
[32m[2020-06-10T15:21:46.313] [INFO] default - [39mHandling GET /api/portals
[32m[2020-06-10T15:21:46.513] [INFO] default - [39mHandling GET /api/portals
[32m[2020-06-10T15:21:46.581] [INFO] default - [39mResponding with HTTP 200
[32m[2020-06-10T15:21:46.611] [INFO] default - [39mResponding with HTTP 200
[32m[2020-06-10T15:21:46.701] [INFO] default - [39mHandling GET /api/portals
[36m[2020-06-10T15:21:46.701] [DEBUG] default - [39mReturning cached portals
[32m[2020-06-10T15:21:46.701] [INFO] default - [39mResponding with HTTP 200
[32m[2020-06-10T15:21:46.717] [INFO] default - [39mResponding with HTTP 200
[32m[2020-06-10T15:21:46.853] [INFO] default - [39mResponding with HTTP 200
[32m[2020-06-10T15:21:46.865] [INFO] default - [39mResponding with HTTP 200
[32m[2020-06-10T15:21:47.865] [INFO] default - [39mHandling GET /api/portals
[36m[2020-06-10T15:21:47.865] [DEBUG] default - [39mReturning cached portals
[32m[2020-06-10T15:21:47.866] [INFO] default - [39mResponding with HTTP 200
[32m[2020-06-10T15:21:47.875] [INFO] default - [39mResponding with HTTP 200
